Nudged types: Sessions
Refresh requested types: Bookmarks, Preferences, Passwords, Autofill Profiles, Autofill, Typed URLs, Extensions, Sessions, Extension settings, History Delete Directives, Device Info, User Consents, Send Tab To Self, Web Apps, Collection, Edge E Drop, Edge Hub App Usage, Edge Tab Group, Edge Wallet, Encryption Keys}
{"logTime": "1129/071154", "correlationVector":"5h2qDvtmXYMkuPUNtWibdc.1","action":"SyncServerConnectionManagerRequest", "result":"SYNC_SERVER_OK", "context":{"environment":"Prod_SoutheastAsia_000j", "migrationStage":"NotStarted", "server":"GENERAL0100000P"}}
{"logTime": "1129/071154", "correlationVector":"5h2qDvtmXYMkuPUNtWibdc.2","action":"GetUpdates Response", "result":"Success", "context":Received 2 update(s). cV=5h2qDvtmXYMkuPUNtWibdc.0;server=GENERAL0100000P;cloudType=Consumer;environment=Prod_SoutheastAsia_000j;migrationStage=NotStarted}
{"logTime": "1129/071155", "correlationVector":"bbJdZedN9iCfqR+d2fV27L","action":"Commit Request", "result":"", "context":Item count: 1
Contributing types: Sessions}
{"logTime": "1129/071155", "correlationVector":"bbJdZedN9iCfqR+d2fV27L.1","action":"SyncServerConnectionManagerRequest", "result":"SYNC_SERVER_OK", "context":{"environment":"Prod_SoutheastAsia_000j", "migrationStage":"NotStarted", "server":"GENERAL0100000L"}}
{"logTime": "1129/071155", "correlationVector":"bbJdZedN9iCfqR+d2fV27L.2","action":"Commit Response", "result":"Success", "context":Result: Success. cV=bbJdZedN9iCfqR+d2fV27L.0;server=GENERAL0100000L;cloudType=Consumer;environment=Prod_SoutheastAsia_000j;migrationStage=NotStarted}
{"logTime": "1129/071303", "correlationVector":"THyI9tPOJHSjPyVEyuEREK","action":"Commit Request", "result":"", "context":Item count: 1
Contributing types: Sessions}
{"logTime": "1129/071303", "correlationVector":"THyI9tPOJHSjPyVEyuEREK.1","action":"SyncServerConnectionManagerRequest", "result":"SYNC_SERVER_OK", "context":{"environment":"Prod_SoutheastAsia_000j", "migrationStage":"NotStarted", "server":"GENERAL0100000G"}}
{"logTime": "1129/071303", "correlationVector":"THyI9tPOJHSjPyVEyuEREK.2","action":"Commit Response", "result":"Success", "context":Result: Success. cV=THyI9tPOJHSjPyVEyuEREK.0;server=GENERAL0100000G;cloudType=Consumer;environment=Prod_SoutheastAsia_000j;migrationStage=NotStarted}
{"logTime": "1129/071407", "correlationVector":"+4ThGphkEk2QavsLmpe6rl","action":"Commit Request", "result":"", "context":Item count: 1
Contributing types: Sessions}
{"logTime": "1129/071407", "correlationVector":"+4ThGphkEk2QavsLmpe6rl.1","action":"SyncServerConnectionManagerRequest", "result":"SYNC_SERVER_OK", "context":{"environment":"Prod_SoutheastAsia_000j", "migrationStage":"NotStarted", "server":"GENERAL0300001V"}}
{"logTime": "1129/071407", "correlationVector":"+4ThGphkEk2QavsLmpe6rl.2","action":"Commit Response", "result":"Success", "context":Result: Success. cV=+4ThGphkEk2QavsLmpe6rl.0;server=GENERAL0300001V;cloudType=Consumer;environment=Prod_SoutheastAsia_000j;migrationStage=NotStarted}
{"logTime": "1129/071520", "correlationVector":"ZSfkPtNJsrZQPsXEKM1dud","action":"Commit Request", "result":"", "context":Item count: 1
Contributing types: Sessions}
{"logTime": "1129/071520", "correlationVector":"ZSfkPtNJsrZQPsXEKM1dud.1","action":"SyncServerConnectionManagerRequest", "result":"SYNC_SERVER_OK", "context":{"environment":"Prod_SoutheastAsia_000j", "migrationStage":"NotStarted", "server":"GENERAL0100000Z"}}
{"logTime": "1129/071520", "correlationVector":"ZSfkPtNJsrZQPsXEKM1dud.2","action":"Commit Response", "result":"Success", "context":Result: Success. cV=ZSfkPtNJsrZQPsXEKM1dud.0;server=GENERAL0100000Z;cloudType=Consumer;environment=Prod_SoutheastAsia_000j;migrationStage=NotStarted}
{"logTime": "1129/071552", "correlationVector":"2FO9Eh2uUrjAmUzKEZ3iM7","action":"Commit Request", "result":"", "context":Item count: 1
Contributing types: Sessions}
{"logTime": "1129/071553", "correlationVector":"2FO9Eh2uUrjAmUzKEZ3iM7.1","action":"SyncServerConnectionManagerRequest", "result":"SYNC_SERVER_OK", "context":{"environment":"Prod_SoutheastAsia_000j", "migrationStage":"NotStarted", "server":"GENERAL0100000P"}}
{"logTime": "1129/071553", "correlationVector":"2FO9Eh2uUrjAmUzKEZ3iM7.2","action":"Commit Response", "result":"Success", "context":Result: Success. cV=2FO9Eh2uUrjAmUzKEZ3iM7.0;server=GENERAL0100000P;cloudType=Consumer;environment=Prod_SoutheastAsia_000j;migrationStage=NotStarted}
{"logTime": "1129/071758", "correlationVector":"Qzk1QQBaP9gdWeBz64/VUx","action":"Commit Request", "result":"", "context":Item count: 1
Contributing types: Sessions}
{"logTime": "1129/071759", "correlationVector":"Qzk1QQBaP9gdWeBz64/VUx.1","action":"SyncServerConnectionManagerRequest", "result":"SYNC_SERVER_OK", "context":{"environment":"Prod_SoutheastAsia_000j", "migrationStage":"NotStarted", "server":"GENERAL0300001Y"}}
{"logTime": "1129/071759", "correlationVector":"Qzk1QQBaP9gdWeBz64/VUx.2","action":"Commit Response", "result":"Success", "context":Result: Success. cV=Qzk1QQBaP9gdWeBz64/VUx.0;server=GENERAL0300001Y;cloudType=Consumer;environment=Prod_SoutheastAsia_000j;migrationStage=NotStarted}
{"logTime": "1129/071830", "correlationVector":"sLx5wIROAZH7mjyepAlxY0","action":"Commit Request", "result":"", "context":Item count: 1
Contributing types: Sessions}
{"logTime": "1129/071830", "correlationVector":"sLx5wIROAZH7mjyepAlxY0.1","action":"SyncServerConnectionManagerRequest", "result":"SYNC_SERVER_OK", "context":{"environment":"Prod_SoutheastAsia_000j", "migrationStage":"NotStarted", "server":"GENERAL01000003"}}
{"logTime": "1129/071830", "correlationVector":"sLx5wIROAZH7mjyepAlxY0.2","action":"Commit Response", "result":"Success", "context":Result: Success. cV=sLx5wIROAZH7mjyepAlxY0.0;server=GENERAL01000003;cloudType=Consumer;environment=Prod_SoutheastAsia_000j;migrationStage=NotStarted}
{"logTime": "1129/071906", "correlationVector":"Vrp73koarNcR7KVwibNeOR","action":"Commit Request", "result":"", "context":Item count: 1
Contributing types: Sessions}
{"logTime": "1129/071906", "correlationVector":"Vrp73koarNcR7KVwibNeOR.1","action":"SyncServerConnectionManagerRequest", "result":"SYNC_SERVER_OK", "context":{"environment":"Prod_SoutheastAsia_000j", "migrationStage":"NotStarted", "server":"GENERAL01000012"}}
{"logTime": "1129/071906", "correlationVector":"Vrp73koarNcR7KVwibNeOR.2","action":"Commit Response", "result":"Success", "context":Result: Success. cV=Vrp73koarNcR7KVwibNeOR.0;server=GENERAL01000012;cloudType=Consumer;environment=Prod_SoutheastAsia_000j;migrationStage=NotStarted}
{"logTime": "1129/071939", "correlationVector":"DIQgprEVqzVZcjb0C9ujrZ","action":"Commit Request", "result":"", "context":Item count: 1
Contributing types: Sessions}
{"logTime": "1129/071939", "correlationVector":"DIQgprEVqzVZcjb0C9ujrZ.1","action":"SyncServerConnectionManagerRequest", "result":"SYNC_SERVER_OK", "context":{"environment":"Prod_SoutheastAsia_000j", "migrationStage":"NotStarted", "server":"GENERAL0300001L"}}
{"logTime": "1129/071939", "correlationVector":"DIQgprEVqzVZcjb0C9ujrZ.2","action":"Commit Response", "result":"Success", "context":Result: Success. cV=DIQgprEVqzVZcjb0C9ujrZ.0;server=GENERAL0300001L;cloudType=Consumer;environment=Prod_SoutheastAsia_000j;migrationStage=NotStarted}
{"logTime": "1129/072025", "correlationVector":"NPZNHKEz6333y7U52Bz1bT","action":"Commit Request", "result":"", "context":Item count: 1
Contributing types: Sessions}
{"logTime": "1129/072025", "correlationVector":"NPZNHKEz6333y7U52Bz1bT.1","action":"SyncServerConnectionManagerRequest", "result":"SYNC_SERVER_OK", "context":{"environment":"Prod_SoutheastAsia_000j", "migrationStage":"NotStarted", "server":"GENERAL0100001C"}}
{"logTime": "1129/072025", "correlationVector":"NPZNHKEz6333y7U52Bz1bT.2","action":"Commit Response", "result":"Success", "context":Result: Success. cV=NPZNHKEz6333y7U52Bz1bT.0;server=GENERAL0100001C;cloudType=Consumer;environment=Prod_SoutheastAsia_000j;migrationStage=NotStarted}
{"logTime": "1129/072107", "correlationVector":"ewGgU6NNMhgkv8xkWmPPLb","action":"Commit Request", "result":"", "context":Item count: 1
Contributing types: Sessions}
{"logTime": "1129/072107", "correlationVector":"ewGgU6NNMhgkv8xkWmPPLb.1","action":"SyncServerConnectionManagerRequest", "result":"SYNC_SERVER_OK", "context":{"environment":"Prod_SoutheastAsia_000j", "migrationStage":"NotStarted", "server":"GENERAL0300000U"}}
{"logTime": "1129/072107", "correlationVector":"ewGgU6NNMhgkv8xkWmPPLb.2","action":"Commit Response", "result":"Success", "context":Result: Success. cV=ewGgU6NNMhgkv8xkWmPPLb.0;server=GENERAL0300000U;cloudType=Consumer;environment=Prod_SoutheastAsia_000j;migrationStage=NotStarted}
{"logTime": "1129/072509", "correlationVector":"9XrSQ7DhC/7Kasfsa9Nuap","action":"Commit Request", "result":"", "context":Item count: 1
Contributing types: Sessions}
{"logTime": "1129/072509", "correlationVector":"9XrSQ7DhC/7Kasfsa9Nuap.1","action":"SyncServerConnectionManagerRequest", "result":"SYNC_SERVER_OK", "context":{"environment":"Prod_SoutheastAsia_000j", "migrationStage":"NotStarted", "server":"GENERAL0100000U"}}
{"logTime": "1129/072509", "correlationVector":"9XrSQ7DhC/7Kasfsa9Nuap.2","action":"Commit Response", "result":"Success", "context":Result: Success. cV=9XrSQ7DhC/7Kasfsa9Nuap.0;server=GENERAL0100000U;cloudType=Consumer;environment=Prod_SoutheastAsia_000j;migrationStage=NotStarted}
{"logTime": "1129/072638", "correlationVector":"8xJVWzfmBVoRzUi4qqdF3K","action":"Commit Request", "result":"", "context":Item count: 1
Contributing types: Sessions}
{"logTime": "1129/072638", "correlationVector":"8xJVWzfmBVoRzUi4qqdF3K.1","action":"SyncServerConnectionManagerRequest", "result":"SYNC_SERVER_OK", "context":{"environment":"Prod_SoutheastAsia_000j", "migrationStage":"NotStarted", "server":"GENERAL0300000J"}}
{"logTime": "1129/072638", "correlationVector":"8xJVWzfmBVoRzUi4qqdF3K.2","action":"Commit Response", "result":"Success", "context":Result: Success. cV=8xJVWzfmBVoRzUi4qqdF3K.0;server=GENERAL0300000J;cloudType=Consumer;environment=Prod_SoutheastAsia_000j;migrationStage=NotStarted}
{"logTime": "1129/073046", "correlationVector":"XR3LpQdr97l+knBCKXgQ5y","action":"Commit Request", "result":"", "context":Item count: 1
Contributing types: Sessions}
{"logTime": "1129/073046", "correlationVector":"XR3LpQdr97l+knBCKXgQ5y.1","action":"SyncServerConnectionManagerRequest", "result":"SYNC_SERVER_OK", "context":{"environment":"Prod_SoutheastAsia_000j", "migrationStage":"NotStarted", "server":"GENERAL01000009"}}
{"logTime": "1129/073046", "correlationVector":"XR3LpQdr97l+knBCKXgQ5y.2","action":"Commit Response", "result":"Success", "context":Result: Success. cV=XR3LpQdr97l+knBCKXgQ5y.0;server=GENERAL01000009;cloudType=Consumer;environment=Prod_SoutheastAsia_000j;migrationStage=NotStarted}
{"logTime": "1129/073359", "correlationVector":"Z/C5OLlqVtLfgG2A+cv4QB","action":"Commit Request", "result":"", "context":Item count: 1
Contributing types: Sessions}
{"logTime": "1129/073400", "correlationVector":"Z/C5OLlqVtLfgG2A+cv4QB.1","action":"SyncServerConnectionManagerRequest", "result":"SYNC_SERVER_OK", "context":{"environment":"Prod_SoutheastAsia_000j", "migrationStage":"NotStarted", "server":"GENERAL0100000D"}}
{"logTime": "1129/073400", "correlationVector":"Z/C5OLlqVtLfgG2A+cv4QB.2","action":"Commit Response", "result":"Success", "context":Result: Success. cV=Z/C5OLlqVtLfgG2A+cv4QB.0;server=GENERAL0100000D;cloudType=Consumer;environment=Prod_SoutheastAsia_000j;migrationStage=NotStarted}
{"logTime": "1129/073504", "correlationVector":"ZSFeb/1DHjBaEjsWjo5l3c","action":"Commit Request", "result":"", "context":Item count: 1
Contributing types: Sessions}
{"logTime": "1129/073504", "correlationVector":"ZSFeb/1DHjBaEjsWjo5l3c.1","action":"SyncServerConnectionManagerRequest", "result":"SYNC_SERVER_OK", "context":{"environment":"Prod_SoutheastAsia_000j", "migrationStage":"NotStarted", "server":"GENERAL0100000A"}}
{"logTime": "1129/073504", "correlationVector":"ZSFeb/1DHjBaEjsWjo5l3c.2","action":"Commit Response", "result":"Success", "context":Result: Success. cV=ZSFeb/1DHjBaEjsWjo5l3c.0;server=GENERAL0100000A;cloudType=Consumer;environment=Prod_SoutheastAsia_000j;migrationStage=NotStarted}
{"logTime": "1129/073547", "correlationVector":"e8d6TE+KLTlDFKtzdPUuf0","action":"Commit Request", "result":"", "context":Item count: 1
Contributing types: Sessions}
{"logTime": "1129/073547", "correlationVector":"e8d6TE+KLTlDFKtzdPUuf0.1","action":"SyncServerConnectionManagerRequest", "result":"SYNC_SERVER_OK", "context":{"environment":"Prod_SoutheastAsia_000j", "migrationStage":"NotStarted", "server":"GENERAL0100001H"}}
{"logTime": "1129/073547", "correlationVector":"e8d6TE+KLTlDFKtzdPUuf0.2","action":"Commit Response", "result":"Success", "context":Result: Success. cV=e8d6TE+KLTlDFKtzdPUuf0.0;server=GENERAL0100001H;cloudType=Consumer;environment=Prod_SoutheastAsia_000j;migrationStage=NotStarted}
{"logTime": "1129/080354", "correlationVector":"WWkorE4+/+Xu8CvCrss7NR","action":"Commit Request", "result":"", "context":Item count: 3
Contributing types: Sessions}
{"logTime": "1129/080354", "correlationVector":"WWkorE4+/+Xu8CvCrss7NR.1","action":"SyncServerConnectionManagerRequest", "result":"SYNC_SERVER_OK", "context":{"environment":"Prod_SoutheastAsia_000j", "migrationStage":"NotStarted", "server":"GENERAL0300002Y"}}
{"logTime": "1129/080354", "correlationVector":"WWkorE4+/+Xu8CvCrss7NR.2","action":"Commit Response", "result":"Success", "context":Result: Success. cV=WWkorE4+/+Xu8CvCrss7NR.0;server=GENERAL0300002Y;cloudType=Consumer;environment=Prod_SoutheastAsia_000j;migrationStage=NotStarted}
{"logTime": "1129/080436", "correlationVector":"KX/eXNNAb7Z41VZtbJeLw7","action":"Commit Request", "result":"", "context":Item count: 1
Contributing types: Sessions}
{"logTime": "1129/080436", "correlationVector":"KX/eXNNAb7Z41VZtbJeLw7.1","action":"SyncServerConnectionManagerRequest", "result":"SYNC_SERVER_OK", "context":{"environment":"Prod_SoutheastAsia_000j", "migrationStage":"NotStarted", "server":"GENERAL0300000E"}}
{"logTime": "1129/080436", "correlationVector":"KX/eXNNAb7Z41VZtbJeLw7.2","action":"Commit Response", "result":"Success", "context":Result: Success. cV=KX/eXNNAb7Z41VZtbJeLw7.0;server=GENERAL0300000E;cloudType=Consumer;environment=Prod_SoutheastAsia_000j;migrationStage=NotStarted}
{"logTime": "1129/080539", "correlationVector":"5v2HwASM7f+Gm7+pdZh3kJ","action":"Normal GetUpdate request", "result":"", "context":cV=5v2HwASM7f+Gm7+pdZh3kJ
Nudged types: Device Info
Refresh requested types: Bookmarks, Preferences, Passwords, Autofill Profiles, Autofill, Typed URLs, Extensions, Sessions, Extension settings, History Delete Directives, Device Info, User Consents, Send Tab To Self, Web Apps, Collection, Edge E Drop, Edge Hub App Usage, Edge Tab Group, Edge Wallet, Encryption Keys}
{"logTime": "1129/080539", "correlationVector":"5v2HwASM7f+Gm7+pdZh3kJ.1","action":"SyncServerConnectionManagerRequest", "result":"SYNC_SERVER_OK", "context":{"environment":"Prod_SoutheastAsia_000j", "migrationStage":"NotStarted", "server":"GENERAL01000015"}}
{"logTime": "1129/080539", "correlationVector":"5v2HwASM7f+Gm7+pdZh3kJ.2","action":"GetUpdates Response", "result":"Success", "context":Received 3 update(s). cV=5v2HwASM7f+Gm7+pdZh3kJ.0;server=GENERAL01000015;cloudType=Consumer;environment=Prod_SoutheastAsia_000j;migrationStage=NotStarted}
{"logTime": "1129/080539", "correlationVector":"uca1W7nWtwPdzOFIFWQDgH","action":"Commit Request", "result":"", "context":Item count: 1
Contributing types: Device Info}
{"logTime": "1129/080539", "correlationVector":"uca1W7nWtwPdzOFIFWQDgH.1","action":"SyncServerConnectionManagerRequest", "result":"SYNC_SERVER_OK", "context":{"environment":"Prod_SoutheastAsia_000j", "migrationStage":"NotStarted", "server":"GENERAL01000017"}}
{"logTime": "1129/080539", "correlationVector":"uca1W7nWtwPdzOFIFWQDgH.2","action":"Commit Response", "result":"Success", "context":Result: Success. cV=uca1W7nWtwPdzOFIFWQDgH.0;server=GENERAL01000017;cloudType=Consumer;environment=Prod_SoutheastAsia_000j;migrationStage=NotStarted}
{"logTime": "1129/080739", "correlationVector":"vzNFVEo8NGo+vZGaXacSCH","action":"Commit Request", "result":"", "context":Item count: 1
Contributing types: Sessions}
{"logTime": "1129/080739", "correlationVector":"vzNFVEo8NGo+vZGaXacSCH.1","action":"SyncServerConnectionManagerRequest", "result":"SYNC_SERVER_OK", "context":{"environment":"Prod_SoutheastAsia_000j", "migrationStage":"NotStarted", "server":"GENERAL0300001Y"}}
{"logTime": "1129/080739", "correlationVector":"vzNFVEo8NGo+vZGaXacSCH.2","action":"Commit Response", "result":"Success", "context":Result: Success. cV=vzNFVEo8NGo+vZGaXacSCH.0;server=GENERAL0300001Y;cloudType=Consumer;environment=Prod_SoutheastAsia_000j;migrationStage=NotStarted}
{"logTime": "1129/081341", "correlationVector":"GVV3ZJlM+NIc3Ka/kEWEfX","action":"Commit Request", "result":"", "context":Item count: 1
Contributing types: Sessions}
{"logTime": "1129/081341", "correlationVector":"GVV3ZJlM+NIc3Ka/kEWEfX.1","action":"SyncServerConnectionManagerRequest", "result":"SYNC_SERVER_OK", "context":{"environment":"Prod_SoutheastAsia_000j", "migrationStage":"NotStarted", "server":"GENERAL0300002A"}}
{"logTime": "1129/081341", "correlationVector":"GVV3ZJlM+NIc3Ka/kEWEfX.2","action":"Commit Response", "result":"Success", "context":Result: Success. cV=GVV3ZJlM+NIc3Ka/kEWEfX.0;server=GENERAL0300002A;cloudType=Consumer;environment=Prod_SoutheastAsia_000j;migrationStage=NotStarted}
{"logTime": "1129/081815", "correlationVector":"pV17EWGgFFo8cLhCbrAoqI","action":"Commit Request", "result":"", "context":Item count: 1
Contributing types: Sessions}
{"logTime": "1129/081816", "correlationVector":"pV17EWGgFFo8cLhCbrAoqI.1","action":"SyncServerConnectionManagerRequest", "result":"SYNC_SERVER_OK", "context":{"environment":"Prod_SoutheastAsia_000j", "migrationStage":"NotStarted", "server":"GENERAL0300001Y"}}
{"logTime": "1129/081816", "correlationVector":"pV17EWGgFFo8cLhCbrAoqI.2","action":"Commit Response", "result":"Success", "context":Result: Success. cV=pV17EWGgFFo8cLhCbrAoqI.0;server=GENERAL0300001Y;cloudType=Consumer;environment=Prod_SoutheastAsia_000j;migrationStage=NotStarted}
{"logTime": "1129/093544", "correlationVector":"+ovvZAVDJVrkk1lfvh1vkp.1","action":"SyncServerConnectionManagerRequest", "result":"SYNC_SERVER_OK", "context":{"environment":"Prod_SoutheastAsia_000j", "migrationStage":"NotStarted", "server":"GENERAL0300002C"}}
{"logTime": "1129/093545", "correlationVector":"YMHynKBvPsq1fjacNnr3AD","action":"SyncServerConnectionManagerRequest", "result":"SYNC_SERVER_OK", "context":{"environment":"", "migrationStage":"", "server":""}}
{"logTime": "1129/093545", "correlationVector":"+ovvZAVDJVrkk1lfvh1vkp","action":"Initial GetUpdates", "result":"", "context":Reason: NEW_CLIENT. cV=+ovvZAVDJVrkk1lfvh1vkp}
{"logTime": "1129/093545", "correlationVector":"+ovvZAVDJVrkk1lfvh1vkp.2","action":"GetUpdates Response", "result":"Success", "context":Received 1 update(s). cV=+ovvZAVDJVrkk1lfvh1vkp.0;server=GENERAL0300002C;cloudType=Consumer;environment=Prod_SoutheastAsia_000j;migrationStage=NotStarted}
{"logTime": "1129/093545", "correlationVector":"Til3RLs5hBaP0xd9G+05Ln","action":"Initial GetUpdates", "result":"", "context":Reason: NEWLY_SUPPORTED_DATATYPE. cV=Til3RLs5hBaP0xd9G+05Ln}
{"logTime": "1129/093545", "correlationVector":"Til3RLs5hBaP0xd9G+05Ln.1","action":"SyncServerConnectionManagerRequest", "result":"SYNC_SERVER_OK", "context":{"environment":"Prod_SoutheastAsia_000j", "migrationStage":"NotStarted", "server":"GENERAL0100000E"}}
{"logTime": "1129/093545", "correlationVector":"Til3RLs5hBaP0xd9G+05Ln.2","action":"GetUpdates", "result":"DeleteReceived", "context":{"id":"9efb8879-b2e8-4473-bdd6-5abce484e523", "isDeleted:":"true", "version":"1725953252409"}}
{"logTime": "1129/093545", "correlationVector":"Til3RLs5hBaP0xd9G+05Ln.3","action":"GetUpdates", "result":"DeleteReceived", "context":{"id":"f0338a11-fe4d-4f0b-b1f1-34c2429ba66e", "isDeleted:":"true", "version":"1731398131447"}}
{"logTime": "1129/093545", "correlationVector":"Til3RLs5hBaP0xd9G+05Ln.4","action":"GetUpdates", "result":"DeleteReceived", "context":{"id":"9b1f79bc-3170-452f-a304-83eb10c086c5", "isDeleted:":"true", "version":"1732590285045"}}
{"logTime": "1129/093545", "correlationVector":"Til3RLs5hBaP0xd9G+05Ln.5","action":"GetUpdates Response", "result":"Success", "context":Received 124 update(s). cV=Til3RLs5hBaP0xd9G+05Ln.0;server=GENERAL0100000E;cloudType=Consumer;environment=Prod_SoutheastAsia_000j;migrationStage=NotStarted}
{"logTime": "1129/093546", "correlationVector":"L/WkVrXwGtWMbhvhjCMo6j","action":"Normal GetUpdate request", "result":"", "context":cV=L/WkVrXwGtWMbhvhjCMo6j
Nudged types: Sessions, Device Info
Refresh requested types: Bookmarks, Preferences, Passwords, Autofill Profiles, Autofill, Typed URLs, Extensions, Sessions, Extension settings, History Delete Directives, Device Info, User Consents, Send Tab To Self, Web Apps, Collection, Edge E Drop, Edge Hub App Usage, Edge Tab Group, Edge Wallet, Encryption Keys}
{"logTime": "1129/093546", "correlationVector":"L/WkVrXwGtWMbhvhjCMo6j.1","action":"SyncServerConnectionManagerRequest", "result":"SYNC_SERVER_OK", "context":{"environment":"Prod_SoutheastAsia_000j", "migrationStage":"NotStarted", "server":"GENERAL0300002A"}}
{"logTime": "1129/093546", "correlationVector":"L/WkVrXwGtWMbhvhjCMo6j.2","action":"GetUpdates", "result":"DeleteReceived", "context":{"id":"78e2f129-a4f3-4e93-9a8c-55a05f3c73d9", "isDeleted:":"true", "version":"1732872815593"}}
{"logTime": "1129/093546", "correlationVector":"L/WkVrXwGtWMbhvhjCMo6j.3","action":"GetUpdates Response", "result":"Success", "context":Received 7 update(s). cV=L/WkVrXwGtWMbhvhjCMo6j.0;server=GENERAL0300002A;cloudType=Consumer;environment=Prod_SoutheastAsia_000j;migrationStage=NotStarted}
{"logTime": "1129/093546", "correlationVector":"igTNV0rgGxLt2O4VnP7w4C","action":"Commit Request", "result":"", "context":Item count: 5
Contributing types: Sessions, Device Info}
{"logTime": "1129/093546", "correlationVector":"igTNV0rgGxLt2O4VnP7w4C.1","action":"SyncServerConnectionManagerRequest", "result":"SYNC_SERVER_OK", "context":{"environment":"Prod_SoutheastAsia_000j", "migrationStage":"NotStarted", "server":"GENERAL03000012"}}
{"logTime": "1129/093546", "correlationVector":"igTNV0rgGxLt2O4VnP7w4C.3","action":"Commit.Sessions", "result":"Success", "context":{"id":"32257099-1148-4d83-9df3-29123f982c7e", "isDeleted":"true", "size":"0", "version":"1732868307545"}}
{"logTime": "1129/093546", "correlationVector":"igTNV0rgGxLt2O4VnP7w4C.4","action":"Commit.Sessions", "result":"Success", "context":{"id":"1a620b4f-0b8a-4968-a81d-3f7d4ca7cfa5", "isDeleted":"true", "size":"0", "version":"1732867445931"}}
{"logTime": "1129/093546", "correlationVector":"igTNV0rgGxLt2O4VnP7w4C.2","action":"Commit Response", "result":"Success", "context":Result: Success. cV=igTNV0rgGxLt2O4VnP7w4C.0;server=GENERAL03000012;cloudType=Consumer;environment=Prod_SoutheastAsia_000j;migrationStage=NotStarted}
{"logTime": "1129/093602", "correlationVector":"TjqnfteVN5JPYX2OtH5A5S","action":"Commit Request", "result":"", "context":Item count: 2
Contributing types: Preferences, Sessions}
{"logTime": "1129/093602", "correlationVector":"TjqnfteVN5JPYX2OtH5A5S.1","action":"SyncServerConnectionManagerRequest", "result":"SYNC_SERVER_OK", "context":{"environment":"Prod_SoutheastAsia_000j", "migrationStage":"NotStarted", "server":"GENERAL0100000L"}}
{"logTime": "1129/093602", "correlationVector":"TjqnfteVN5JPYX2OtH5A5S.2","action":"Commit Response", "result":"Success", "context":Result: Success. cV=TjqnfteVN5JPYX2OtH5A5S.0;server=GENERAL0100000L;cloudType=Consumer;environment=Prod_SoutheastAsia_000j;migrationStage=NotStarted}
{"logTime": "1129/093644", "correlationVector":"wwlpZKJwdo4Q3sX0rGQP3n","action":"Commit Request", "result":"", "context":Item count: 1
Contributing types: Sessions}
{"logTime": "1129/093644", "correlationVector":"wwlpZKJwdo4Q3sX0rGQP3n.1","action":"SyncServerConnectionManagerRequest", "result":"SYNC_SERVER_OK", "context":{"environment":"Prod_SoutheastAsia_000j", "migrationStage":"NotStarted", "server":"GENERAL0300001V"}}
{"logTime": "1129/093644", "correlationVector":"wwlpZKJwdo4Q3sX0rGQP3n.2","action":"Commit Response", "result":"Success", "context":Result: Success. cV=wwlpZKJwdo4Q3sX0rGQP3n.0;server=GENERAL0300001V;cloudType=Consumer;environment=Prod_SoutheastAsia_000j;migrationStage=NotStarted}
{"logTime": "1129/094044", "correlationVector":"w/+vvMkVUzqH9LybA0WZf+","action":"Normal GetUpdate request", "result":"", "context":cV=w/+vvMkVUzqH9LybA0WZf+
Nudged types: Sessions
Refresh requested types: Bookmarks, Preferences, Passwords, Autofill Profiles, Autofill, Typed URLs, Extensions, Sessions, Extension settings, History Delete Directives, Device Info, User Consents, Send Tab To Self, Web Apps, Collection, Edge E Drop, Edge Hub App Usage, Edge Tab Group, Edge Wallet, Encryption Keys}
{"logTime": "1129/094044", "correlationVector":"w/+vvMkVUzqH9LybA0WZf+.1","action":"SyncServerConnectionManagerRequest", "result":"SYNC_SERVER_OK", "context":{"environment":"Prod_SoutheastAsia_000j", "migrationStage":"NotStarted", "server":"GENERAL0100000C"}}
{"logTime": "1129/094044", "correlationVector":"w/+vvMkVUzqH9LybA0WZf+.2","action":"GetUpdates", "result":"DeleteReceived", "context":{"id":"32257099-1148-4d83-9df3-29123f982c7e", "isDeleted:":"true", "version":"1732872958378"}}
{"logTime": "1129/094044", "correlationVector":"w/+vvMkVUzqH9LybA0WZf+.3","action":"GetUpdates", "result":"DeleteReceived", "context":{"id":"1a620b4f-0b8a-4968-a81d-3f7d4ca7cfa5", "isDeleted:":"true", "version":"1732872958380"}}
{"logTime": "1129/094044", "correlationVector":"w/+vvMkVUzqH9LybA0WZf+.4","action":"GetUpdates Response", "result":"Success", "context":Received 6 update(s). cV=w/+vvMkVUzqH9LybA0WZf+.0;server=GENERAL0100000C;cloudType=Consumer;environment=Prod_SoutheastAsia_000j;migrationStage=NotStarted}
{"logTime": "1129/094044", "correlationVector":"10D6L8T50I0zsEj/RACd01","action":"Commit Request", "result":"", "context":Item count: 1
Contributing types: Sessions}
{"logTime": "1129/094045", "correlationVector":"10D6L8T50I0zsEj/RACd01.1","action":"SyncServerConnectionManagerRequest", "result":"SYNC_SERVER_OK", "context":{"environment":"Prod_SoutheastAsia_000j", "migrationStage":"NotStarted", "server":"GENERAL0100000U"}}
{"logTime": "1129/094045", "correlationVector":"10D6L8T50I0zsEj/RACd01.2","action":"Commit Response", "result":"Success", "context":Result: Success. cV=10D6L8T50I0zsEj/RACd01.0;server=GENERAL0100000U;cloudType=Consumer;environment=Prod_SoutheastAsia_000j;migrationStage=NotStarted}
{"logTime": "1129/094303", "correlationVector":"NoyG7Hye3HDKpkBNqaKY1I","action":"Commit Request", "result":"", "context":Item count: 1
Contributing types: Sessions}
{"logTime": "1129/094303", "correlationVector":"NoyG7Hye3HDKpkBNqaKY1I.1","action":"SyncServerConnectionManagerRequest", "result":"SYNC_SERVER_OK", "context":{"environment":"Prod_SoutheastAsia_000j", "migrationStage":"NotStarted", "server":"GENERAL01000010"}}
{"logTime": "1129/094303", "correlationVector":"NoyG7Hye3HDKpkBNqaKY1I.2","action":"Commit Response", "result":"Success", "context":Result: Success. cV=NoyG7Hye3HDKpkBNqaKY1I.0;server=GENERAL01000010;cloudType=Consumer;environment=Prod_SoutheastAsia_000j;migrationStage=NotStarted}
{"logTime": "1129/094344", "correlationVector":"bMAD5lm9MSZy5EBGBlrJUV","action":"Commit Request", "result":"", "context":Item count: 1
Contributing types: Sessions}
{"logTime": "1129/094345", "correlationVector":"bMAD5lm9MSZy5EBGBlrJUV.1","action":"SyncServerConnectionManagerRequest", "result":"SYNC_SERVER_OK", "context":{"environment":"Prod_SoutheastAsia_000j", "migrationStage":"NotStarted", "server":"GENERAL0100000D"}}
{"logTime": "1129/094345", "correlationVector":"bMAD5lm9MSZy5EBGBlrJUV.2","action":"Commit Response", "result":"Success", "context":Result: Success. cV=bMAD5lm9MSZy5EBGBlrJUV.0;server=GENERAL0100000D;cloudType=Consumer;environment=Prod_SoutheastAsia_000j;migrationStage=NotStarted}
{"logTime": "1129/094424", "correlationVector":"xO41i85NVTwK2/DoZ6Yqij","action":"Commit Request", "result":"", "context":Item count: 1
Contributing types: Sessions}
{"logTime": "1129/094424", "correlationVector":"xO41i85NVTwK2/DoZ6Yqij.1","action":"SyncServerConnectionManagerRequest", "result":"SYNC_SERVER_OK", "context":{"environment":"Prod_SoutheastAsia_000j", "migrationStage":"NotStarted", "server":"GENERAL01000010"}}
{"logTime": "1129/094424", "correlationVector":"xO41i85NVTwK2/DoZ6Yqij.2","action":"Commit Response", "result":"Success", "context":Result: Success. cV=xO41i85NVTwK2/DoZ6Yqij.0;server=GENERAL01000010;cloudType=Consumer;environment=Prod_SoutheastAsia_000j;migrationStage=NotStarted}
{"logTime": "1129/094521", "correlationVector":"aUDmcLd/d4PjTaobbQs9Ej","action":"Commit Request", "result":"", "context":Item count: 1
Contributing types: Sessions}
{"logTime": "1129/094522", "correlationVector":"aUDmcLd/d4PjTaobbQs9Ej.1","action":"SyncServerConnectionManagerRequest", "result":"SYNC_SERVER_OK", "context":{"environment":"Prod_SoutheastAsia_000j", "migrationStage":"NotStarted", "server":"GENERAL01000009"}}
{"logTime": "1129/094522", "correlationVector":"aUDmcLd/d4PjTaobbQs9Ej.2","action":"Commit Response", "result":"Success", "context":Result: Success. cV=aUDmcLd/d4PjTaobbQs9Ej.0;server=GENERAL01000009;cloudType=Consumer;environment=Prod_SoutheastAsia_000j;migrationStage=NotStarted}
{"logTime": "1129/094552", "correlationVector":"AETjilPUGrHz0ihR94HVyH","action":"Commit Request", "result":"", "context":Item count: 1
Contributing types: Sessions}
{"logTime": "1129/094552", "correlationVector":"AETjilPUGrHz0ihR94HVyH.1","action":"SyncServerConnectionManagerRequest", "result":"SYNC_SERVER_OK", "context":{"environment":"Prod_SoutheastAsia_000j", "migrationStage":"NotStarted", "server":"GENERAL0100001E"}}
{"logTime": "1129/094552", "correlationVector":"AETjilPUGrHz0ihR94HVyH.2","action":"Commit Response", "result":"Success", "context":Result: Success. cV=AETjilPUGrHz0ihR94HVyH.0;server=GENERAL0100001E;cloudType=Consumer;environment=Prod_SoutheastAsia_000j;migrationStage=NotStarted}
{"logTime": "1129/094752", "correlationVector":"c8zy6Pj3GGaADw+uezOEeq","action":"Commit Request", "result":"", "context":Item count: 1
Contributing types: Sessions}
{"logTime": "1129/094752", "correlationVector":"c8zy6Pj3GGaADw+uezOEeq.1","action":"SyncServerConnectionManagerRequest", "result":"SYNC_SERVER_OK", "context":{"environment":"Prod_SoutheastAsia_000j", "migrationStage":"NotStarted", "server":"GENERAL0100001D"}}
{"logTime": "1129/094752", "correlationVector":"c8zy6Pj3GGaADw+uezOEeq.2","action":"Commit Response", "result":"Success", "context":Result: Success. cV=c8zy6Pj3GGaADw+uezOEeq.0;server=GENERAL0100001D;cloudType=Consumer;environment=Prod_SoutheastAsia_000j;migrationStage=NotStarted}
{"logTime": "1129/095002", "correlationVector":"+L6lNoF969CjcuaCWAEQ6+","action":"Commit Request", "result":"", "context":Item count: 1
Contributing types: Sessions}
{"logTime": "1129/095003", "correlationVector":"+L6lNoF969CjcuaCWAEQ6+.1","action":"SyncServerConnectionManagerRequest", "result":"SYNC_SERVER_OK", "context":{"environment":"Prod_SoutheastAsia_000j", "migrationStage":"NotStarted", "server":"GENERAL0100001C"}}
{"logTime": "1129/095003", "correlationVector":"+L6lNoF969CjcuaCWAEQ6+.2","action":"Commit Response", "result":"Success", "context":Result: Success. cV=+L6lNoF969CjcuaCWAEQ6+.0;server=GENERAL0100001C;cloudType=Consumer;environment=Prod_SoutheastAsia_000j;migrationStage=NotStarted}
{"logTime": "1129/095052", "correlationVector":"uTFlSqiwUlNqZaNe5WM8yQ","action":"Commit Request", "result":"", "context":Item count: 1
Contributing types: Sessions}
{"logTime": "1129/095052", "correlationVector":"uTFlSqiwUlNqZaNe5WM8yQ.1","action":"SyncServerConnectionManagerRequest", "result":"SYNC_SERVER_OK", "context":{"environment":"Prod_SoutheastAsia_000j", "migrationStage":"NotStarted", "server":"GENERAL0300001K"}}
{"logTime": "1129/095052", "correlationVector":"uTFlSqiwUlNqZaNe5WM8yQ.2","action":"Commit Response", "result":"Success", "context":Result: Success. cV=uTFlSqiwUlNqZaNe5WM8yQ.0;server=GENERAL0300001K;cloudType=Consumer;environment=Prod_SoutheastAsia_000j;migrationStage=NotStarted}
{"logTime": "1129/095125", "correlationVector":"8rbvcFUoSnkJbuW+ijlFAY","action":"Commit Request", "result":"", "context":Item count: 1
Contributing types: Sessions}
{"logTime": "1129/095125", "correlationVector":"8rbvcFUoSnkJbuW+ijlFAY.1","action":"SyncServerConnectionManagerRequest", "result":"SYNC_SERVER_OK", "context":{"environment":"Prod_SoutheastAsia_000j", "migrationStage":"NotStarted", "server":"GENERAL0100000W"}}
{"logTime": "1129/095125", "correlationVector":"8rbvcFUoSnkJbuW+ijlFAY.2","action":"Commit Response", "result":"Success", "context":Result: Success. cV=8rbvcFUoSnkJbuW+ijlFAY.0;server=GENERAL0100000W;cloudType=Consumer;environment=Prod_SoutheastAsia_000j;migrationStage=NotStarted}
{"logTime": "1129/095541", "correlationVector":"X7bZfEokbCgfEdgMmAT8G6","action":"Normal GetUpdate request", "result":"", "context":cV=X7bZfEokbCgfEdgMmAT8G6
Notified types: History Delete Directives, Device Info}
{"logTime": "1129/095541", "correlationVector":"X7bZfEokbCgfEdgMmAT8G6.1","action":"SyncServerConnectionManagerRequest", "result":"SYNC_SERVER_OK", "context":{"environment":"Prod_SoutheastAsia_000j", "migrationStage":"NotStarted", "server":"GENERAL0300001P"}}
{"logTime": "1129/095541", "correlationVector":"X7bZfEokbCgfEdgMmAT8G6.2","action":"GetUpdates Response", "result":"Success", "context":Received 5 update(s). cV=X7bZfEokbCgfEdgMmAT8G6.0;server=GENERAL0300001P;cloudType=Consumer;environment=Prod_SoutheastAsia_000j;migrationStage=NotStarted}
{"logTime": "1129/100146", "correlationVector":"WUCLAbMtURqdw0ntcBD8x5","action":"Commit Request", "result":"", "context":Item count: 1
Contributing types: Sessions}
{"logTime": "1129/100147", "correlationVector":"WUCLAbMtURqdw0ntcBD8x5.1","action":"SyncServerConnectionManagerRequest", "result":"SYNC_SERVER_OK", "context":{"environment":"Prod_SoutheastAsia_000j", "migrationStage":"NotStarted", "server":"GENERAL0100000Q"}}
{"logTime": "1129/100147", "correlationVector":"WUCLAbMtURqdw0ntcBD8x5.2","action":"Commit Response", "result":"Success", "context":Result: Success. cV=WUCLAbMtURqdw0ntcBD8x5.0;server=GENERAL0100000Q;cloudType=Consumer;environment=Prod_SoutheastAsia_000j;migrationStage=NotStarted}
{"logTime": "1129/100233", "correlationVector":"iTJWSmj6VcdYfSBZt2O88L","action":"Commit Request", "result":"", "context":Item count: 1
Contributing types: Sessions}
{"logTime": "1129/100233", "correlationVector":"iTJWSmj6VcdYfSBZt2O88L.1","action":"SyncServerConnectionManagerRequest", "result":"SYNC_SERVER_OK", "context":{"environment":"Prod_SoutheastAsia_000j", "migrationStage":"NotStarted", "server":"GENERAL0300002Q"}}
{"logTime": "1129/100233", "correlationVector":"iTJWSmj6VcdYfSBZt2O88L.2","action":"Commit Response", "result":"Success", "context":Result: Success. cV=iTJWSmj6VcdYfSBZt2O88L.0;server=GENERAL0300002Q;cloudType=Consumer;environment=Prod_SoutheastAsia_000j;migrationStage=NotStarted}
{"logTime": "1129/100310", "correlationVector":"6a7cFExQvV3vbX0evnuyH2","action":"Commit Request", "result":"", "context":Item count: 1
Contributing types: Sessions}
{"logTime": "1129/100310", "correlationVector":"6a7cFExQvV3vbX0evnuyH2.1","action":"SyncServerConnectionManagerRequest", "result":"SYNC_SERVER_OK", "context":{"environment":"Prod_SoutheastAsia_000j", "migrationStage":"NotStarted", "server":"GENERAL0300001H"}}
{"logTime": "1129/100310", "correlationVector":"6a7cFExQvV3vbX0evnuyH2.2","action":"Commit Response", "result":"Success", "context":Result: Success. cV=6a7cFExQvV3vbX0evnuyH2.0;server=GENERAL0300001H;cloudType=Consumer;environment=Prod_SoutheastAsia_000j;migrationStage=NotStarted}
{"logTime": "1129/100344", "correlationVector":"52qxapubcqYUtJnGKkulje","action":"Commit Request", "result":"", "context":Item count: 1
Contributing types: Sessions}
{"logTime": "1129/100344", "correlationVector":"52qxapubcqYUtJnGKkulje.1","action":"SyncServerConnectionManagerRequest", "result":"SYNC_SERVER_OK", "context":{"environment":"Prod_SoutheastAsia_000j", "migrationStage":"NotStarted", "server":"GENERAL03000017"}}
{"logTime": "1129/100344", "correlationVector":"52qxapubcqYUtJnGKkulje.2","action":"Commit Response", "result":"Success", "context":Result: Success. cV=52qxapubcqYUtJnGKkulje.0;server=GENERAL03000017;cloudType=Consumer;environment=Prod_SoutheastAsia_000j;migrationStage=NotStarted}
{"logTime": "1129/100416", "correlationVector":"bgu3XuXoyyo2grLYCbmjAs","action":"Commit Request", "result":"", "context":Item count: 1
Contributing types: Sessions}
{"logTime": "1129/100416", "correlationVector":"bgu3XuXoyyo2grLYCbmjAs.1","action":"SyncServerConnectionManagerRequest", "result":"SYNC_SERVER_OK", "context":{"environment":"Prod_SoutheastAsia_000j", "migrationStage":"NotStarted", "server":"GENERAL0300000J"}}
{"logTime": "1129/100416", "correlationVector":"bgu3XuXoyyo2grLYCbmjAs.2","action":"Commit Response", "result":"Success", "context":Result: Success. cV=bgu3XuXoyyo2grLYCbmjAs.0;server=GENERAL0300000J;cloudType=Consumer;environment=Prod_SoutheastAsia_000j;migrationStage=NotStarted}
{"logTime": "1129/100448", "correlationVector":"Yag2NtOfAZ2/wJZxmc0OeP","action":"Commit Request", "result":"", "context":Item count: 1
Contributing types: Sessions}
{"logTime": "1129/100449", "correlationVector":"Yag2NtOfAZ2/wJZxmc0OeP.1","action":"SyncServerConnectionManagerRequest", "result":"SYNC_SERVER_OK", "context":{"environment":"Prod_SoutheastAsia_000j", "migrationStage":"NotStarted", "server":"GENERAL0100000C"}}
{"logTime": "1129/100449", "correlationVector":"Yag2NtOfAZ2/wJZxmc0OeP.2","action":"Commit Response", "result":"Success", "context":Result: Success. cV=Yag2NtOfAZ2/wJZxmc0OeP.0;server=GENERAL0100000C;cloudType=Consumer;environment=Prod_SoutheastAsia_000j;migrationStage=NotStarted}
{"logTime": "1129/100528", "correlationVector":"2rV7Wib6cyVoiyKg2QyWbd","action":"Commit Request", "result":"", "context":Item count: 1
Contributing types: Sessions}
{"logTime": "1129/100529", "correlationVector":"2rV7Wib6cyVoiyKg2QyWbd.1","action":"SyncServerConnectionManagerRequest", "result":"SYNC_SERVER_OK", "context":{"environment":"Prod_SoutheastAsia_000j", "migrationStage":"NotStarted", "server":"GENERAL0300002D"}}
{"logTime": "1129/100529", "correlationVector":"2rV7Wib6cyVoiyKg2QyWbd.2","action":"Commit Response", "result":"Success", "context":Result: Success. cV=2rV7Wib6cyVoiyKg2QyWbd.0;server=GENERAL0300002D;cloudType=Consumer;environment=Prod_SoutheastAsia_000j;migrationStage=NotStarted}
{"logTime": "1129/100649", "correlationVector":"sY9eJUVqWqUQGDNZBNTq3f","action":"Commit Request", "result":"", "context":Item count: 1
Contributing types: Sessions}
{"logTime": "1129/100649", "correlationVector":"sY9eJUVqWqUQGDNZBNTq3f.1","action":"SyncServerConnectionManagerRequest", "result":"SYNC_SERVER_OK", "context":{"environment":"Prod_SoutheastAsia_000j", "migrationStage":"NotStarted", "server":"GENERAL0300000A"}}
{"logTime": "1129/100649", "correlationVector":"sY9eJUVqWqUQGDNZBNTq3f.2","action":"Commit Response", "result":"Success", "context":Result: Success. cV=sY9eJUVqWqUQGDNZBNTq3f.0;server=GENERAL0300000A;cloudType=Consumer;environment=Prod_SoutheastAsia_000j;migrationStage=NotStarted}
{"logTime": "1129/100728", "correlationVector":"C9Q0N4IkFSJNiUd3Lxjfsb","action":"Commit Request", "result":"", "context":Item count: 1
Contributing types: Sessions}
{"logTime": "1129/100729", "correlationVector":"C9Q0N4IkFSJNiUd3Lxjfsb.1","action":"SyncServerConnectionManagerRequest", "result":"SYNC_SERVER_OK", "context":{"environment":"Prod_SoutheastAsia_000j", "migrationStage":"NotStarted", "server":"GENERAL0300002Q"}}
{"logTime": "1129/100729", "correlationVector":"C9Q0N4IkFSJNiUd3Lxjfsb.2","action":"Commit Response", "result":"Success", "context":Result: Success. cV=C9Q0N4IkFSJNiUd3Lxjfsb.0;server=GENERAL0300002Q;cloudType=Consumer;environment=Prod_SoutheastAsia_000j;migrationStage=NotStarted}
{"logTime": "1129/101215", "correlationVector":"jPx2jRCubNr5i29J4/8oO9","action":"Commit Request", "result":"", "context":Item count: 1
Contributing types: Sessions}
{"logTime": "1129/101215", "correlationVector":"jPx2jRCubNr5i29J4/8oO9.1","action":"SyncServerConnectionManagerRequest", "result":"SYNC_SERVER_OK", "context":{"environment":"Prod_SoutheastAsia_000j", "migrationStage":"NotStarted", "server":"GENERAL01000011"}}
{"logTime": "1129/101215", "correlationVector":"jPx2jRCubNr5i29J4/8oO9.2","action":"Commit Response", "result":"Success", "context":Result: Success. cV=jPx2jRCubNr5i29J4/8oO9.0;server=GENERAL01000011;cloudType=Consumer;environment=Prod_SoutheastAsia_000j;migrationStage=NotStarted}
{"logTime": "1129/102926", "correlationVector":"rmL32RGBbUY4BXbsN1P8UH","action":"Commit Request", "result":"", "context":Item count: 1
Contributing types: Sessions}
{"logTime": "1129/102926", "correlationVector":"rmL32RGBbUY4BXbsN1P8UH.1","action":"SyncServerConnectionManagerRequest", "result":"SYNC_SERVER_OK", "context":{"environment":"Prod_SoutheastAsia_000j", "migrationStage":"NotStarted", "server":"GENERAL0300000Q"}}
{"logTime": "1129/102926", "correlationVector":"rmL32RGBbUY4BXbsN1P8UH.2","action":"Commit Response", "result":"Success", "context":Result: Success. cV=rmL32RGBbUY4BXbsN1P8UH.0;server=GENERAL0300000Q;cloudType=Consumer;environment=Prod_SoutheastAsia_000j;migrationStage=NotStarted}
{"logTime": "1129/103141", "correlationVector":"ZmljBk+zLxHKBQNPnJ9LkH","action":"Commit Request", "result":"", "context":Item count: 1
Contributing types: Sessions}
{"logTime": "1129/103141", "correlationVector":"ZmljBk+zLxHKBQNPnJ9LkH.1","action":"SyncServerConnectionManagerRequest", "result":"SYNC_SERVER_OK", "context":{"environment":"Prod_SoutheastAsia_000j", "migrationStage":"NotStarted", "server":"GENERAL0100001F"}}
{"logTime": "1129/103141", "correlationVector":"ZmljBk+zLxHKBQNPnJ9LkH.2","action":"Commit Response", "result":"Success", "context":Result: Success. cV=ZmljBk+zLxHKBQNPnJ9LkH.0;server=GENERAL0100001F;cloudType=Consumer;environment=Prod_SoutheastAsia_000j;migrationStage=NotStarted}
{"logTime": "1129/103518", "correlationVector":"DLLwnals7qgkLrp4AfTXWp","action":"Commit Request", "result":"", "context":Item count: 1
Contributing types: Sessions}
{"logTime": "1129/103518", "correlationVector":"DLLwnals7qgkLrp4AfTXWp.1","action":"SyncServerConnectionManagerRequest", "result":"SYNC_SERVER_OK", "context":{"environment":"Prod_SoutheastAsia_000j", "migrationStage":"NotStarted", "server":"GENERAL0100000C"}}
{"logTime": "1129/103518", "correlationVector":"DLLwnals7qgkLrp4AfTXWp.2","action":"Commit Response", "result":"Success", "context":Result: Success. cV=DLLwnals7qgkLrp4AfTXWp.0;server=GENERAL0100000C;cloudType=Consumer;environment=Prod_SoutheastAsia_000j;migrationStage=NotStarted}
{"logTime": "1129/104135", "correlationVector":"UVrBqCyzpICx2NUQlL6zOJ","action":"Commit Request", "result":"", "context":Item count: 1
Contributing types: Sessions}
{"logTime": "1129/104135", "correlationVector":"UVrBqCyzpICx2NUQlL6zOJ.1","action":"SyncServerConnectionManagerRequest", "result":"SYNC_SERVER_OK", "context":{"environment":"Prod_SoutheastAsia_000j", "migrationStage":"NotStarted", "server":"GENERAL01000017"}}
{"logTime": "1129/104135", "correlationVector":"UVrBqCyzpICx2NUQlL6zOJ.2","action":"Commit Response", "result":"Success", "context":Result: Success. cV=UVrBqCyzpICx2NUQlL6zOJ.0;server=GENERAL01000017;cloudType=Consumer;environment=Prod_SoutheastAsia_000j;migrationStage=NotStarted}
{"logTime": "1130/124345", "correlationVector":"dorBAXvQkvlLOOw9hZhtew.1","action":"SyncServerConnectionManagerRequest", "result":"SYNC_SERVER_OK", "context":{"environment":"Prod_SoutheastAsia_000j", "migrationStage":"NotStarted", "server":"GENERAL0300000E"}}
{"logTime": "1130/124346", "correlationVector":"UBND4MeY47/E3fuxrfbxOv","action":"SyncServerConnectionManagerRequest", "result":"SYNC_SERVER_OK", "context":{"environment":"", "migrationStage":"", "server":""}}
{"logTime": "1130/124346", "correlationVector":"dorBAXvQkvlLOOw9hZhtew","action":"Initial GetUpdates", "result":"", "context":Reason: NEW_CLIENT. cV=dorBAXvQkvlLOOw9hZhtew}
{"logTime": "1130/124346", "correlationVector":"dorBAXvQkvlLOOw9hZhtew.2","action":"GetUpdates Response", "result":"Success", "context":Received 1 update(s). cV=dorBAXvQkvlLOOw9hZhtew.0;server=GENERAL0300000E;cloudType=Consumer;environment=Prod_SoutheastAsia_000j;migrationStage=NotStarted}
{"logTime": "1130/124346", "correlationVector":"udvdoLH+1qaDq1hOmw0jxs","action":"Initial GetUpdates", "result":"", "context":Reason: NEWLY_SUPPORTED_DATATYPE. cV=udvdoLH+1qaDq1hOmw0jxs}
{"logTime": "1130/124347", "correlationVector":"udvdoLH+1qaDq1hOmw0jxs.1","action":"SyncServerConnectionManagerRequest", "result":"SYNC_SERVER_OK", "context":{"environment":"Prod_SoutheastAsia_000j", "migrationStage":"NotStarted", "server":"GENERAL0100001C"}}
{"logTime": "1130/124347", "correlationVector":"udvdoLH+1qaDq1hOmw0jxs.2","action":"GetUpdates", "result":"DeleteReceived", "context":{"id":"9efb8879-b2e8-4473-bdd6-5abce484e523", "isDeleted:":"true", "version":"1725953252409"}}
{"logTime": "1130/124347", "correlationVector":"udvdoLH+1qaDq1hOmw0jxs.3","action":"GetUpdates", "result":"DeleteReceived", "context":{"id":"f0338a11-fe4d-4f0b-b1f1-34c2429ba66e", "isDeleted:":"true", "version":"1731398131447"}}
{"logTime": "1130/124347", "correlationVector":"udvdoLH+1qaDq1hOmw0jxs.4","action":"GetUpdates", "result":"DeleteReceived", "context":{"id":"9b1f79bc-3170-452f-a304-83eb10c086c5", "isDeleted:":"true", "version":"1732590285045"}}
{"logTime": "1130/124347", "correlationVector":"udvdoLH+1qaDq1hOmw0jxs.5","action":"GetUpdates Response", "result":"Success", "context":Received 124 update(s). cV=udvdoLH+1qaDq1hOmw0jxs.0;server=GENERAL0100001C;cloudType=Consumer;environment=Prod_SoutheastAsia_000j;migrationStage=NotStarted}
{"logTime": "1130/124348", "correlationVector":"O71Hf5L45R6HO3IigcIavn","action":"Normal GetUpdate request", "result":"", "context":cV=O71Hf5L45R6HO3IigcIavn
Nudged types: Sessions, Device Info
Refresh requested types: Bookmarks, Preferences, Passwords, Autofill Profiles, Autofill, Typed URLs, Extensions, Sessions, Extension settings, History Delete Directives, Device Info, User Consents, Send Tab To Self, Web Apps, Collection, Edge E Drop, Edge Hub App Usage, Edge Tab Group, Edge Wallet, Encryption Keys}
{"logTime": "1130/124348", "correlationVector":"O71Hf5L45R6HO3IigcIavn.1","action":"SyncServerConnectionManagerRequest", "result":"SYNC_SERVER_OK", "context":{"environment":"Prod_SoutheastAsia_000j", "migrationStage":"NotStarted", "server":"GENERAL0300002O"}}
{"logTime": "1130/124348", "correlationVector":"O71Hf5L45R6HO3IigcIavn.2","action":"GetUpdates", "result":"DeleteReceived", "context":{"id":"5bde6890-2f48-4865-a967-f14fbfb2c734", "isDeleted:":"true", "version":"1732875363875"}}
{"logTime": "1130/124348", "correlationVector":"O71Hf5L45R6HO3IigcIavn.3","action":"GetUpdates", "result":"DeleteReceived", "context":{"id":"4ca3e898-cc9e-4d1c-9343-f8b07175c27a", "isDeleted:":"true", "version":"1732875513161"}}
{"logTime": "1130/124348", "correlationVector":"O71Hf5L45R6HO3IigcIavn.4","action":"GetUpdates", "result":"DeleteReceived", "context":{"id":"413b1183-0057-488a-9ed0-3a703936df9c", "isDeleted:":"true", "version":"1732876764681"}}
{"logTime": "1130/124348", "correlationVector":"O71Hf5L45R6HO3IigcIavn.5","action":"GetUpdates", "result":"DeleteReceived", "context":{"id":"e9cd253a-0a5d-486c-bead-137bb77d06e0", "isDeleted:":"true", "version":"1732876882969"}}
{"logTime": "1130/124348", "correlationVector":"O71Hf5L45R6HO3IigcIavn.6","action":"GetUpdates", "result":"DeleteReceived", "context":{"id":"149ab561-a276-4b29-8f13-ed89b95bc304", "isDeleted:":"true", "version":"1732878775077"}}
{"logTime": "1130/124348", "correlationVector":"O71Hf5L45R6HO3IigcIavn.7","action":"GetUpdates", "result":"DeleteReceived", "context":{"id":"26b5c023-a4e4-4dc5-b85b-ff90166ac6fa", "isDeleted:":"true", "version":"1732878775078"}}
{"logTime": "1130/124348", "correlationVector":"O71Hf5L45R6HO3IigcIavn.8","action":"GetUpdates", "result":"DeleteReceived", "context":{"id":"f01a8856-e554-40f3-b2df-6408afdb943f", "isDeleted:":"true", "version":"1732878775082"}}
{"logTime": "1130/124348", "correlationVector":"O71Hf5L45R6HO3IigcIavn.9","action":"GetUpdates", "result":"DeleteReceived", "context":{"id":"ee581ff0-18a0-479d-9e75-e7fed4c3075a", "isDeleted:":"true", "version":"1732878839957"}}
{"logTime": "1130/124348", "correlationVector":"O71Hf5L45R6HO3IigcIavn.10","action":"GetUpdates", "result":"DeleteReceived", "context":{"id":"0de63b7d-65d5-42b4-bfdd-ea00e2c32331", "isDeleted:":"true", "version":"1732880109114"}}
{"logTime": "1130/124348", "correlationVector":"O71Hf5L45R6HO3IigcIavn.11","action":"GetUpdates", "result":"DeleteReceived", "context":{"id":"c419676c-4bfe-42c9-bd97-745740c13b9f", "isDeleted:":"true", "version":"1732883345636"}}
{"logTime": "1130/124348", "correlationVector":"O71Hf5L45R6HO3IigcIavn.12","action":"GetUpdates", "result":"DeleteReceived", "context":{"id":"4746a3f9-3b47-4f4d-b599-4ef71f64c80d", "isDeleted:":"true", "version":"1732943642514"}}
{"logTime": "1130/124348", "correlationVector":"O71Hf5L45R6HO3IigcIavn.13","action":"GetUpdates", "result":"DeleteReceived", "context":{"id":"4734bd9e-89ab-4d45-bc57-038e7eda8ea3", "isDeleted:":"true", "version":"1732943642516"}}
{"logTime": "1130/124348", "correlationVector":"O71Hf5L45R6HO3IigcIavn.14","action":"GetUpdates", "result":"DeleteReceived", "context":{"id":"8c0d5d88-e452-4d0e-a376-42ca392671f0", "isDeleted:":"true", "version":"1732970177435"}}
{"logTime": "1130/124348", "correlationVector":"O71Hf5L45R6HO3IigcIavn.15","action":"GetUpdates", "result":"DeleteReceived", "context":{"id":"04f5490a-bd69-49e1-84a1-d0bc6ec33eb3", "isDeleted:":"true", "version":"1732943650353"}}
{"logTime": "1130/124348", "correlationVector":"O71Hf5L45R6HO3IigcIavn.16","action":"GetUpdates Response", "result":"Success", "context":Received 21 update(s). cV=O71Hf5L45R6HO3IigcIavn.0;server=GENERAL0300002O;cloudType=Consumer;environment=Prod_SoutheastAsia_000j;migrationStage=NotStarted}
{"logTime": "1130/124348", "correlationVector":"1gl7hHu0RGRGD+YnJd+8W6","action":"Commit Request", "result":"", "context":Item count: 4
Contributing types: Sessions, Device Info}
{"logTime": "1130/124349", "correlationVector":"1gl7hHu0RGRGD+YnJd+8W6.1","action":"SyncServerConnectionManagerRequest", "result":"SYNC_SERVER_OK", "context":{"environment":"Prod_SoutheastAsia_000j", "migrationStage":"NotStarted", "server":"GENERAL0300001N"}}
{"logTime": "1130/124349", "correlationVector":"1gl7hHu0RGRGD+YnJd+8W6.3","action":"Commit.Sessions", "result":"Success", "context":{"id":"70e6e7c8-ff51-4d2b-be67-f3f73b09638a", "isDeleted":"true", "size":"0", "version":"1732876895599"}}
{"logTime": "1130/124349", "correlationVector":"1gl7hHu0RGRGD+YnJd+8W6.2","action":"Commit Response", "result":"Success", "context":Result: Success. cV=1gl7hHu0RGRGD+YnJd+8W6.0;server=GENERAL0300001N;cloudType=Consumer;environment=Prod_SoutheastAsia_000j;migrationStage=NotStarted}
{"logTime": "1130/124349", "correlationVector":"GIXBazVA5pLG5ifPK8gPsr","action":"Poll GetUpdate request", "result":"", "context":cV=GIXBazVA5pLG5ifPK8gPsr}
{"logTime": "1130/124349", "correlationVector":"GIXBazVA5pLG5ifPK8gPsr.1","action":"SyncServerConnectionManagerRequest", "result":"SYNC_SERVER_OK", "context":{"environment":"Prod_SoutheastAsia_000j", "migrationStage":"NotStarted", "server":"GENERAL0300000T"}}
{"logTime": "1130/124349", "correlationVector":"GIXBazVA5pLG5ifPK8gPsr.2","action":"GetUpdates", "result":"DeleteReceived", "context":{"id":"70e6e7c8-ff51-4d2b-be67-f3f73b09638a", "isDeleted:":"true", "version":"1732970630015"}}
{"logTime": "1130/124349", "correlationVector":"GIXBazVA5pLG5ifPK8gPsr.3","action":"GetUpdates Response", "result":"Success", "context":Received 4 update(s). cV=GIXBazVA5pLG5ifPK8gPsr.0;server=GENERAL0300000T;cloudType=Consumer;environment=Prod_SoutheastAsia_000j;migrationStage=NotStarted}
{"logTime": "1130/124440", "correlationVector":"pK4Q56E4n5YNSr3z4mYtEn","action":"Commit Request", "result":"", "context":Item count: 2
Contributing types: Preferences, Sessions}
{"logTime": "1130/124441", "correlationVector":"pK4Q56E4n5YNSr3z4mYtEn.1","action":"SyncServerConnectionManagerRequest", "result":"SYNC_SERVER_OK", "context":{"environment":"Prod_SoutheastAsia_000j", "migrationStage":"NotStarted", "server":"GENERAL0300000A"}}
{"logTime": "1130/124441", "correlationVector":"pK4Q56E4n5YNSr3z4mYtEn.2","action":"Commit Response", "result":"Success", "context":Result: Success. cV=pK4Q56E4n5YNSr3z4mYtEn.0;server=GENERAL0300000A;cloudType=Consumer;environment=Prod_SoutheastAsia_000j;migrationStage=NotStarted}
{"logTime": "1130/124445", "correlationVector":"LvnKWC9VUGEHPDnqPbjvgl","action":"Commit Request", "result":"", "context":Item count: 1
Contributing types: Preferences}
{"logTime": "1130/124446", "correlationVector":"LvnKWC9VUGEHPDnqPbjvgl.1","action":"SyncServerConnectionManagerRequest", "result":"SYNC_SERVER_OK", "context":{"environment":"Prod_SoutheastAsia_000j", "migrationStage":"NotStarted", "server":"GENERAL01000015"}}
{"logTime": "1130/124446", "correlationVector":"LvnKWC9VUGEHPDnqPbjvgl.2","action":"Commit Response", "result":"Success", "context":Result: Success. cV=LvnKWC9VUGEHPDnqPbjvgl.0;server=GENERAL01000015;cloudType=Consumer;environment=Prod_SoutheastAsia_000j;migrationStage=NotStarted}
{"logTime": "1130/124458", "correlationVector":"IQ9CtKsGSI6oI0zIdl+UaS","action":"Commit Request", "result":"", "context":Item count: 1
Contributing types: Preferences}
{"logTime": "1130/124458", "correlationVector":"IQ9CtKsGSI6oI0zIdl+UaS.1","action":"SyncServerConnectionManagerRequest", "result":"SYNC_SERVER_OK", "context":{"environment":"Prod_SoutheastAsia_000j", "migrationStage":"NotStarted", "server":"GENERAL01000008"}}
{"logTime": "1130/124458", "correlationVector":"IQ9CtKsGSI6oI0zIdl+UaS.3","action":"Commit.Preferences", "result":"Success", "context":{"id":"8e9a9aff-49f5-4c90-9f19-6fd04fccaba1", "isDeleted":"true", "size":"0", "version":"1732970681641"}}
{"logTime": "1130/124458", "correlationVector":"IQ9CtKsGSI6oI0zIdl+UaS.2","action":"Commit Response", "result":"Success", "context":Result: Success. cV=IQ9CtKsGSI6oI0zIdl+UaS.0;server=GENERAL01000008;cloudType=Consumer;environment=Prod_SoutheastAsia_000j;migrationStage=NotStarted}
{"logTime": "1130/124649", "correlationVector":"H786C22cyPLnVYyQ4bxeYX","action":"Commit Request", "result":"", "context":Item count: 1
Contributing types: Sessions}
{"logTime": "1130/124650", "correlationVector":"H786C22cyPLnVYyQ4bxeYX.1","action":"SyncServerConnectionManagerRequest", "result":"SYNC_SERVER_OK", "context":{"environment":"Prod_SoutheastAsia_000j", "migrationStage":"NotStarted", "server":"GENERAL01000014"}}
{"logTime": "1130/124650", "correlationVector":"H786C22cyPLnVYyQ4bxeYX.2","action":"Commit Response", "result":"Success", "context":Result: Success. cV=H786C22cyPLnVYyQ4bxeYX.0;server=GENERAL01000014;cloudType=Consumer;environment=Prod_SoutheastAsia_000j;migrationStage=NotStarted}
{"logTime": "1130/124845", "correlationVector":"iGo3EXLgSm/A8Ug4Q/u6/E","action":"Normal GetUpdate request", "result":"", "context":cV=iGo3EXLgSm/A8Ug4Q/u6/E
Refresh requested types: Bookmarks, Preferences, Passwords, Autofill Profiles, Autofill, Typed URLs, Extensions, Sessions, Extension settings, History Delete Directives, Device Info, User Consents, Send Tab To Self, Web Apps, Collection, Edge E Drop, Edge Hub App Usage, Edge Tab Group, Edge Wallet, Encryption Keys}
{"logTime": "1130/124845", "correlationVector":"iGo3EXLgSm/A8Ug4Q/u6/E.1","action":"SyncServerConnectionManagerRequest", "result":"SYNC_SERVER_OK", "context":{"environment":"Prod_SoutheastAsia_000j", "migrationStage":"NotStarted", "server":"GENERAL0300000H"}}
{"logTime": "1130/124845", "correlationVector":"iGo3EXLgSm/A8Ug4Q/u6/E.2","action":"GetUpdates", "result":"DeleteReceived", "context":{"id":"8e9a9aff-49f5-4c90-9f19-6fd04fccaba1", "isDeleted:":"true", "version":"1732970699525"}}
{"logTime": "1130/124845", "correlationVector":"iGo3EXLgSm/A8Ug4Q/u6/E.3","action":"GetUpdates Response", "result":"Success", "context":Received 3 update(s). cV=iGo3EXLgSm/A8Ug4Q/u6/E.0;server=GENERAL0300000H;cloudType=Consumer;environment=Prod_SoutheastAsia_000j;migrationStage=NotStarted}
{"logTime": "1130/125354", "correlationVector":"XxZIG6idx8ExbwvqyCq4/3","action":"Commit Request", "result":"", "context":Item count: 1
Contributing types: Sessions}
{"logTime": "1130/125354", "correlationVector":"XxZIG6idx8ExbwvqyCq4/3.1","action":"SyncServerConnectionManagerRequest", "result":"SYNC_SERVER_OK", "context":{"environment":"Prod_SoutheastAsia_000j", "migrationStage":"NotStarted", "server":"GENERAL01000003"}}
{"logTime": "1130/125354", "correlationVector":"XxZIG6idx8ExbwvqyCq4/3.2","action":"Commit Response", "result":"Success", "context":Result: Success. cV=XxZIG6idx8ExbwvqyCq4/3.0;server=GENERAL01000003;cloudType=Consumer;environment=Prod_SoutheastAsia_000j;migrationStage=NotStarted}
{"logTime": "1130/125519", "correlationVector":"1pvX6EZgymN7WGVa1syQjp","action":"Commit Request", "result":"", "context":Item count: 1
Contributing types: Sessions}
{"logTime": "1130/125519", "correlationVector":"1pvX6EZgymN7WGVa1syQjp.1","action":"SyncServerConnectionManagerRequest", "result":"SYNC_SERVER_OK", "context":{"environment":"Prod_SoutheastAsia_000j", "migrationStage":"NotStarted", "server":"GENERAL03000017"}}
{"logTime": "1130/125519", "correlationVector":"1pvX6EZgymN7WGVa1syQjp.2","action":"Commit Response", "result":"Success", "context":Result: Success. cV=1pvX6EZgymN7WGVa1syQjp.0;server=GENERAL03000017;cloudType=Consumer;environment=Prod_SoutheastAsia_000j;migrationStage=NotStarted}
{"logTime": "1130/125531", "correlationVector":"3nIV88a0Ay4YUNbdYHZc4+","action":"Normal GetUpdate request", "result":"", "context":cV=3nIV88a0Ay4YUNbdYHZc4+
Notified types: Device Info}
{"logTime": "1130/125531", "correlationVector":"3nIV88a0Ay4YUNbdYHZc4+.1","action":"SyncServerConnectionManagerRequest", "result":"SYNC_SERVER_OK", "context":{"environment":"Prod_SoutheastAsia_000j", "migrationStage":"NotStarted", "server":"GENERAL0100000A"}}
{"logTime": "1130/125531", "correlationVector":"3nIV88a0Ay4YUNbdYHZc4+.2","action":"GetUpdates Response", "result":"Success", "context":Received 4 update(s). cV=3nIV88a0Ay4YUNbdYHZc4+.0;server=GENERAL0100000A;cloudType=Consumer;environment=Prod_SoutheastAsia_000j;migrationStage=NotStarted}
{"logTime": "1130/125744", "correlationVector":"WNIoH2R046sioikCcg4aCh","action":"Commit Request", "result":"", "context":Item count: 1
Contributing types: Sessions}
{"logTime": "1130/125745", "correlationVector":"WNIoH2R046sioikCcg4aCh.1","action":"SyncServerConnectionManagerRequest", "result":"SYNC_SERVER_OK", "context":{"environment":"Prod_SoutheastAsia_000j", "migrationStage":"NotStarted", "server":"GENERAL0100001C"}}
{"logTime": "1130/125745", "correlationVector":"WNIoH2R046sioikCcg4aCh.2","action":"Commit Response", "result":"Success", "context":Result: Success. cV=WNIoH2R046sioikCcg4aCh.0;server=GENERAL0100001C;cloudType=Consumer;environment=Prod_SoutheastAsia_000j;migrationStage=NotStarted}
{"logTime": "1130/125949", "correlationVector":"irUeIJk6+jI56T7tz92eIB","action":"Commit Request", "result":"", "context":Item count: 1
Contributing types: Sessions}
{"logTime": "1130/125949", "correlationVector":"irUeIJk6+jI56T7tz92eIB.1","action":"SyncServerConnectionManagerRequest", "result":"SYNC_SERVER_OK", "context":{"environment":"Prod_SoutheastAsia_000j", "migrationStage":"NotStarted", "server":"GENERAL0100001G"}}
{"logTime": "1130/125949", "correlationVector":"irUeIJk6+jI56T7tz92eIB.2","action":"Commit Response", "result":"Success", "context":Result: Success. cV=irUeIJk6+jI56T7tz92eIB.0;server=GENERAL0100001G;cloudType=Consumer;environment=Prod_SoutheastAsia_000j;migrationStage=NotStarted}
{"logTime": "1130/130400", "correlationVector":"I6FCvFsU1+srh75wZuDHz0","action":"Commit Request", "result":"", "context":Item count: 1
Contributing types: Sessions}
{"logTime": "1130/130401", "correlationVector":"I6FCvFsU1+srh75wZuDHz0.1","action":"SyncServerConnectionManagerRequest", "result":"SYNC_SERVER_OK", "context":{"environment":"Prod_SoutheastAsia_000j", "migrationStage":"NotStarted", "server":"GENERAL0100000U"}}
{"logTime": "1130/130401", "correlationVector":"I6FCvFsU1+srh75wZuDHz0.2","action":"Commit Response", "result":"Success", "context":Result: Success. cV=I6FCvFsU1+srh75wZuDHz0.0;server=GENERAL0100000U;cloudType=Consumer;environment=Prod_SoutheastAsia_000j;migrationStage=NotStarted}
{"logTime": "1130/131143", "correlationVector":"rGhTNaX4I8cDNFXjIIVxXM","action":"Commit Request", "result":"", "context":Item count: 1
Contributing types: Sessions}
{"logTime": "1130/131143", "correlationVector":"rGhTNaX4I8cDNFXjIIVxXM.1","action":"SyncServerConnectionManagerRequest", "result":"SYNC_SERVER_OK", "context":{"environment":"Prod_SoutheastAsia_000j", "migrationStage":"NotStarted", "server":"GENERAL0100000A"}}
{"logTime": "1130/131143", "correlationVector":"rGhTNaX4I8cDNFXjIIVxXM.2","action":"Commit Response", "result":"Success", "context":Result: Success. cV=rGhTNaX4I8cDNFXjIIVxXM.0;server=GENERAL0100000A;cloudType=Consumer;environment=Prod_SoutheastAsia_000j;migrationStage=NotStarted}
{"logTime": "1130/131242", "correlationVector":"6ctMoDHHDk42cOytUPk+YU","action":"Commit Request", "result":"", "context":Item count: 1
Contributing types: Sessions}
{"logTime": "1130/131242", "correlationVector":"6ctMoDHHDk42cOytUPk+YU.1","action":"SyncServerConnectionManagerRequest", "result":"SYNC_SERVER_OK", "context":{"environment":"Prod_SoutheastAsia_000j", "migrationStage":"NotStarted", "server":"GENERAL0100000W"}}
{"logTime": "1130/131242", "correlationVector":"6ctMoDHHDk42cOytUPk+YU.2","action":"Commit Response", "result":"Success", "context":Result: Success. cV=6ctMoDHHDk42cOytUPk+YU.0;server=GENERAL0100000W;cloudType=Consumer;environment=Prod_SoutheastAsia_000j;migrationStage=NotStarted}
{"logTime": "1130/131437", "correlationVector":"uVMANzsATv6BAfmh9Xqrdv","action":"Commit Request", "result":"", "context":Item count: 1
Contributing types: Sessions}
{"logTime": "1130/131437", "correlationVector":"uVMANzsATv6BAfmh9Xqrdv.1","action":"SyncServerConnectionManagerRequest", "result":"SYNC_SERVER_OK", "context":{"environment":"Prod_SoutheastAsia_000j", "migrationStage":"NotStarted", "server":"GENERAL0100001E"}}
{"logTime": "1130/131437", "correlationVector":"uVMANzsATv6BAfmh9Xqrdv.2","action":"Commit Response", "result":"Success", "context":Result: Success. cV=uVMANzsATv6BAfmh9Xqrdv.0;server=GENERAL0100001E;cloudType=Consumer;environment=Prod_SoutheastAsia_000j;migrationStage=NotStarted}
{"logTime": "1130/131536", "correlationVector":"uYP2kF3ntGzSOCU8G37sLs","action":"Commit Request", "result":"", "context":Item count: 1
Contributing types: Sessions}
{"logTime": "1130/131536", "correlationVector":"uYP2kF3ntGzSOCU8G37sLs.1","action":"SyncServerConnectionManagerRequest", "result":"SYNC_SERVER_OK", "context":{"environment":"Prod_SoutheastAsia_000j", "migrationStage":"NotStarted", "server":"GENERAL03000027"}}
{"logTime": "1130/131536", "correlationVector":"uYP2kF3ntGzSOCU8G37sLs.2","action":"Commit Response", "result":"Success", "context":Result: Success. cV=uYP2kF3ntGzSOCU8G37sLs.0;server=GENERAL03000027;cloudType=Consumer;environment=Prod_SoutheastAsia_000j;migrationStage=NotStarted}
{"logTime": "1130/131615", "correlationVector":"ZC4QVqD5jDO/ohMT1/4BPo","action":"Commit Request", "result":"", "context":Item count: 1
Contributing types: Sessions}
{"logTime": "1130/131615", "correlationVector":"ZC4QVqD5jDO/ohMT1/4BPo.1","action":"SyncServerConnectionManagerRequest", "result":"SYNC_SERVER_OK", "context":{"environment":"Prod_SoutheastAsia_000j", "migrationStage":"NotStarted", "server":"GENERAL01000004"}}
{"logTime": "1130/131615", "correlationVector":"ZC4QVqD5jDO/ohMT1/4BPo.2","action":"Commit Response", "result":"Success", "context":Result: Success. cV=ZC4QVqD5jDO/ohMT1/4BPo.0;server=GENERAL01000004;cloudType=Consumer;environment=Prod_SoutheastAsia_000j;migrationStage=NotStarted}
{"logTime": "1130/131737", "correlationVector":"Dl0TNbJ9rxzlVoyOTRgkeo","action":"Commit Request", "result":"", "context":Item count: 1
Contributing types: Sessions}
{"logTime": "1130/131737", "correlationVector":"Dl0TNbJ9rxzlVoyOTRgkeo.1","action":"SyncServerConnectionManagerRequest", "result":"SYNC_SERVER_OK", "context":{"environment":"Prod_SoutheastAsia_000j", "migrationStage":"NotStarted", "server":"GENERAL0100001H"}}
{"logTime": "1130/131737", "correlationVector":"Dl0TNbJ9rxzlVoyOTRgkeo.2","action":"Commit Response", "result":"Success", "context":Result: Success. cV=Dl0TNbJ9rxzlVoyOTRgkeo.0;server=GENERAL0100001H;cloudType=Consumer;environment=Prod_SoutheastAsia_000j;migrationStage=NotStarted}
{"logTime": "1130/131903", "correlationVector":"tTdWVbgzqFNLlQ7RD6qhn6","action":"Commit Request", "result":"", "context":Item count: 1
Contributing types: Sessions}
{"logTime": "1130/131903", "correlationVector":"tTdWVbgzqFNLlQ7RD6qhn6.1","action":"SyncServerConnectionManagerRequest", "result":"SYNC_SERVER_OK", "context":{"environment":"Prod_SoutheastAsia_000j", "migrationStage":"NotStarted", "server":"GENERAL0100000U"}}
{"logTime": "1130/131903", "correlationVector":"tTdWVbgzqFNLlQ7RD6qhn6.2","action":"Commit Response", "result":"Success", "context":Result: Success. cV=tTdWVbgzqFNLlQ7RD6qhn6.0;server=GENERAL0100000U;cloudType=Consumer;environment=Prod_SoutheastAsia_000j;migrationStage=NotStarted}
{"logTime": "1130/132232", "correlationVector":"zThBpR/lwL5HO2XiQjr61h","action":"Commit Request", "result":"", "context":Item count: 1
Contributing types: Sessions}
{"logTime": "1130/132232", "correlationVector":"zThBpR/lwL5HO2XiQjr61h.1","action":"SyncServerConnectionManagerRequest", "result":"SYNC_SERVER_OK", "context":{"environment":"Prod_SoutheastAsia_000j", "migrationStage":"NotStarted", "server":"GENERAL01000009"}}
{"logTime": "1130/132232", "correlationVector":"zThBpR/lwL5HO2XiQjr61h.2","action":"Commit Response", "result":"Success", "context":Result: Success. cV=zThBpR/lwL5HO2XiQjr61h.0;server=GENERAL01000009;cloudType=Consumer;environment=Prod_SoutheastAsia_000j;migrationStage=NotStarted}
{"logTime": "1130/132322", "correlationVector":"j2ZaWLzQdO+eFRg0QAnCyp","action":"Commit Request", "result":"", "context":Item count: 1
Contributing types: Sessions}
{"logTime": "1130/132322", "correlationVector":"j2ZaWLzQdO+eFRg0QAnCyp.1","action":"SyncServerConnectionManagerRequest", "result":"SYNC_SERVER_OK", "context":{"environment":"Prod_SoutheastAsia_000j", "migrationStage":"NotStarted", "server":"GENERAL0300002E"}}
{"logTime": "1130/132322", "correlationVector":"j2ZaWLzQdO+eFRg0QAnCyp.2","action":"Commit Response", "result":"Success", "context":Result: Success. cV=j2ZaWLzQdO+eFRg0QAnCyp.0;server=GENERAL0300002E;cloudType=Consumer;environment=Prod_SoutheastAsia_000j;migrationStage=NotStarted}
{"logTime": "1130/132421", "correlationVector":"XqFm5JUxnOoSNo+wMW1jef","action":"Commit Request", "result":"", "context":Item count: 1
Contributing types: Sessions}
{"logTime": "1130/132421", "correlationVector":"XqFm5JUxnOoSNo+wMW1jef.1","action":"SyncServerConnectionManagerRequest", "result":"SYNC_SERVER_OK", "context":{"environment":"Prod_SoutheastAsia_000j", "migrationStage":"NotStarted", "server":"GENERAL0100001B"}}
{"logTime": "1130/132421", "correlationVector":"XqFm5JUxnOoSNo+wMW1jef.2","action":"Commit Response", "result":"Success", "context":Result: Success. cV=XqFm5JUxnOoSNo+wMW1jef.0;server=GENERAL0100001B;cloudType=Consumer;environment=Prod_SoutheastAsia_000j;migrationStage=NotStarted}
{"logTime": "1130/132558", "correlationVector":"5UkHmKEdjVVtV1HXr08WpS","action":"Commit Request", "result":"", "context":Item count: 1
Contributing types: Sessions}
{"logTime": "1130/132558", "correlationVector":"5UkHmKEdjVVtV1HXr08WpS.1","action":"SyncServerConnectionManagerRequest", "result":"SYNC_SERVER_OK", "context":{"environment":"Prod_SoutheastAsia_000j", "migrationStage":"NotStarted", "server":"GENERAL03000027"}}
{"logTime": "1130/132558", "correlationVector":"5UkHmKEdjVVtV1HXr08WpS.2","action":"Commit Response", "result":"Success", "context":Result: Success. cV=5UkHmKEdjVVtV1HXr08WpS.0;server=GENERAL03000027;cloudType=Consumer;environment=Prod_SoutheastAsia_000j;migrationStage=NotStarted}
{"logTime": "1130/132637", "correlationVector":"4A6APfxIjMGW6xIQsgUnEo","action":"Commit Request", "result":"", "context":Item count: 1
Contributing types: Sessions}
{"logTime": "1130/132638", "correlationVector":"4A6APfxIjMGW6xIQsgUnEo.1","action":"SyncServerConnectionManagerRequest", "result":"SYNC_SERVER_OK", "context":{"environment":"Prod_SoutheastAsia_000j", "migrationStage":"NotStarted", "server":"GENERAL0100000P"}}
{"logTime": "1130/132638", "correlationVector":"4A6APfxIjMGW6xIQsgUnEo.2","action":"Commit Response", "result":"Success", "context":Result: Success. cV=4A6APfxIjMGW6xIQsgUnEo.0;server=GENERAL0100000P;cloudType=Consumer;environment=Prod_SoutheastAsia_000j;migrationStage=NotStarted}
{"logTime": "1130/133003", "correlationVector":"Lmzd8MlAHpozZiSOmfSs+z","action":"Commit Request", "result":"", "context":Item count: 1
Contributing types: Sessions}
{"logTime": "1130/133004", "correlationVector":"Lmzd8MlAHpozZiSOmfSs+z.1","action":"SyncServerConnectionManagerRequest", "result":"SYNC_SERVER_OK", "context":{"environment":"Prod_SoutheastAsia_000j", "migrationStage":"NotStarted", "server":"GENERAL0100001D"}}
{"logTime": "1130/133004", "correlationVector":"Lmzd8MlAHpozZiSOmfSs+z.2","action":"Commit Response", "result":"Success", "context":Result: Success. cV=Lmzd8MlAHpozZiSOmfSs+z.0;server=GENERAL0100001D;cloudType=Consumer;environment=Prod_SoutheastAsia_000j;migrationStage=NotStarted}
{"logTime": "1130/133128", "correlationVector":"3m4zYWm6q6uPwbV61/bDHv","action":"Commit Request", "result":"", "context":Item count: 1
Contributing types: Sessions}
{"logTime": "1130/133128", "correlationVector":"3m4zYWm6q6uPwbV61/bDHv.1","action":"SyncServerConnectionManagerRequest", "result":"SYNC_SERVER_OK", "context":{"environment":"Prod_SoutheastAsia_000j", "migrationStage":"NotStarted", "server":"GENERAL0300000A"}}
{"logTime": "1130/133128", "correlationVector":"3m4zYWm6q6uPwbV61/bDHv.2","action":"Commit Response", "result":"Success", "context":Result: Success. cV=3m4zYWm6q6uPwbV61/bDHv.0;server=GENERAL0300000A;cloudType=Consumer;environment=Prod_SoutheastAsia_000j;migrationStage=NotStarted}
{"logTime": "1130/133330", "correlationVector":"XZ4G9TzbDwmlO+xh3KToqC","action":"Commit Request", "result":"", "context":Item count: 1
Contributing types: Sessions}
{"logTime": "1130/133330", "correlationVector":"XZ4G9TzbDwmlO+xh3KToqC.1","action":"SyncServerConnectionManagerRequest", "result":"SYNC_SERVER_OK", "context":{"environment":"Prod_SoutheastAsia_000j", "migrationStage":"NotStarted", "server":"GENERAL0100000U"}}
{"logTime": "1130/133330", "correlationVector":"XZ4G9TzbDwmlO+xh3KToqC.2","action":"Commit Response", "result":"Success", "context":Result: Success. cV=XZ4G9TzbDwmlO+xh3KToqC.0;server=GENERAL0100000U;cloudType=Consumer;environment=Prod_SoutheastAsia_000j;migrationStage=NotStarted}
{"logTime": "1130/133407", "correlationVector":"8zcW4DXq1VOImrAYsrC1up","action":"Commit Request", "result":"", "context":Item count: 1
Contributing types: Sessions}
{"logTime": "1130/133408", "correlationVector":"8zcW4DXq1VOImrAYsrC1up.1","action":"SyncServerConnectionManagerRequest", "result":"SYNC_SERVER_OK", "context":{"environment":"Prod_SoutheastAsia_000j", "migrationStage":"NotStarted", "server":"GENERAL0300002Q"}}
{"logTime": "1130/133408", "correlationVector":"8zcW4DXq1VOImrAYsrC1up.2","action":"Commit Response", "result":"Success", "context":Result: Success. cV=8zcW4DXq1VOImrAYsrC1up.0;server=GENERAL0300002Q;cloudType=Consumer;environment=Prod_SoutheastAsia_000j;migrationStage=NotStarted}
{"logTime": "1130/133452", "correlationVector":"D+kOcVT51/ddXVKYTBITOh","action":"Commit Request", "result":"", "context":Item count: 1
Contributing types: Sessions}
{"logTime": "1130/133453", "correlationVector":"D+kOcVT51/ddXVKYTBITOh.1","action":"SyncServerConnectionManagerRequest", "result":"SYNC_SERVER_OK", "context":{"environment":"Prod_SoutheastAsia_000j", "migrationStage":"NotStarted", "server":"GENERAL0300002Q"}}
{"logTime": "1130/133453", "correlationVector":"D+kOcVT51/ddXVKYTBITOh.2","action":"Commit Response", "result":"Success", "context":Result: Success. cV=D+kOcVT51/ddXVKYTBITOh.0;server=GENERAL0300002Q;cloudType=Consumer;environment=Prod_SoutheastAsia_000j;migrationStage=NotStarted}
{"logTime": "1130/133538", "correlationVector":"H9kK4hAh4IjWm7nowQywUj","action":"Commit Request", "result":"", "context":Item count: 1
Contributing types: Sessions}
{"logTime": "1130/133538", "correlationVector":"H9kK4hAh4IjWm7nowQywUj.1","action":"SyncServerConnectionManagerRequest", "result":"SYNC_SERVER_OK", "context":{"environment":"Prod_SoutheastAsia_000j", "migrationStage":"NotStarted", "server":"GENERAL0100001G"}}
{"logTime": "1130/133538", "correlationVector":"H9kK4hAh4IjWm7nowQywUj.2","action":"Commit Response", "result":"Success", "context":Result: Success. cV=H9kK4hAh4IjWm7nowQywUj.0;server=GENERAL0100001G;cloudType=Consumer;environment=Prod_SoutheastAsia_000j;migrationStage=NotStarted}
{"logTime": "1130/133625", "correlationVector":"s5Am5Spu6Pej1cKE8nXcE2","action":"Commit Request", "result":"", "context":Item count: 1
Contributing types: Sessions}
{"logTime": "1130/133625", "correlationVector":"s5Am5Spu6Pej1cKE8nXcE2.1","action":"SyncServerConnectionManagerRequest", "result":"SYNC_SERVER_OK", "context":{"environment":"Prod_SoutheastAsia_000j", "migrationStage":"NotStarted", "server":"GENERAL0100001A"}}
{"logTime": "1130/133625", "correlationVector":"s5Am5Spu6Pej1cKE8nXcE2.2","action":"Commit Response", "result":"Success", "context":Result: Success. cV=s5Am5Spu6Pej1cKE8nXcE2.0;server=GENERAL0100001A;cloudType=Consumer;environment=Prod_SoutheastAsia_000j;migrationStage=NotStarted}
{"logTime": "1130/133704", "correlationVector":"6B4FkcXQY7GQiwUllm7a6/","action":"Commit Request", "result":"", "context":Item count: 1
Contributing types: Sessions}
{"logTime": "1130/133704", "correlationVector":"6B4FkcXQY7GQiwUllm7a6/.1","action":"SyncServerConnectionManagerRequest", "result":"SYNC_SERVER_OK", "context":{"environment":"Prod_SoutheastAsia_000j", "migrationStage":"NotStarted", "server":"GENERAL0300000E"}}
{"logTime": "1130/133704", "correlationVector":"6B4FkcXQY7GQiwUllm7a6/.2","action":"Commit Response", "result":"Success", "context":Result: Success. cV=6B4FkcXQY7GQiwUllm7a6/.0;server=GENERAL0300000E;cloudType=Consumer;environment=Prod_SoutheastAsia_000j;migrationStage=NotStarted}
{"logTime": "1130/133756", "correlationVector":"hcVD2quSJFAysg5pdanhVw","action":"Commit Request", "result":"", "context":Item count: 1
Contributing types: Sessions}
{"logTime": "1130/133757", "correlationVector":"hcVD2quSJFAysg5pdanhVw.1","action":"SyncServerConnectionManagerRequest", "result":"SYNC_SERVER_OK", "context":{"environment":"Prod_SoutheastAsia_000j", "migrationStage":"NotStarted", "server":"GENERAL0300001L"}}
{"logTime": "1130/133757", "correlationVector":"hcVD2quSJFAysg5pdanhVw.2","action":"Commit Response", "result":"Success", "context":Result: Success. cV=hcVD2quSJFAysg5pdanhVw.0;server=GENERAL0300001L;cloudType=Consumer;environment=Prod_SoutheastAsia_000j;migrationStage=NotStarted}
{"logTime": "1130/133929", "correlationVector":"FaOoDp99rYchKrHsUz6nHo","action":"Commit Request", "result":"", "context":Item count: 1
Contributing types: Sessions}
{"logTime": "1130/133930", "correlationVector":"FaOoDp99rYchKrHsUz6nHo.1","action":"SyncServerConnectionManagerRequest", "result":"SYNC_SERVER_OK", "context":{"environment":"Prod_SoutheastAsia_000j", "migrationStage":"NotStarted", "server":"GENERAL0300000A"}}
{"logTime": "1130/133930", "correlationVector":"FaOoDp99rYchKrHsUz6nHo.2","action":"Commit Response", "result":"Success", "context":Result: Success. cV=FaOoDp99rYchKrHsUz6nHo.0;server=GENERAL0300000A;cloudType=Consumer;environment=Prod_SoutheastAsia_000j;migrationStage=NotStarted}
{"logTime": "1130/134451", "correlationVector":"Z0R+wpd9GNxH69SiSEP+p3","action":"Commit Request", "result":"", "context":Item count: 1
Contributing types: Sessions}
{"logTime": "1130/134451", "correlationVector":"Z0R+wpd9GNxH69SiSEP+p3.1","action":"SyncServerConnectionManagerRequest", "result":"SYNC_SERVER_OK", "context":{"environment":"Prod_SoutheastAsia_000j", "migrationStage":"NotStarted", "server":"GENERAL0100001H"}}
{"logTime": "1130/134451", "correlationVector":"Z0R+wpd9GNxH69SiSEP+p3.2","action":"Commit Response", "result":"Success", "context":Result: Success. cV=Z0R+wpd9GNxH69SiSEP+p3.0;server=GENERAL0100001H;cloudType=Consumer;environment=Prod_SoutheastAsia_000j;migrationStage=NotStarted}
{"logTime": "1130/134622", "correlationVector":"bp3vgwDEUBoVBr5m4xEHet","action":"Commit Request", "result":"", "context":Item count: 1
Contributing types: Sessions}
{"logTime": "1130/134622", "correlationVector":"bp3vgwDEUBoVBr5m4xEHet.1","action":"SyncServerConnectionManagerRequest", "result":"SYNC_SERVER_OK", "context":{"environment":"Prod_SoutheastAsia_000j", "migrationStage":"NotStarted", "server":"GENERAL01000015"}}
{"logTime": "1130/134622", "correlationVector":"bp3vgwDEUBoVBr5m4xEHet.2","action":"Commit Response", "result":"Success", "context":Result: Success. cV=bp3vgwDEUBoVBr5m4xEHet.0;server=GENERAL01000015;cloudType=Consumer;environment=Prod_SoutheastAsia_000j;migrationStage=NotStarted}
{"logTime": "1130/134733", "correlationVector":"Ui2GwUZh6KRU8Qe02O5CEv","action":"Commit Request", "result":"", "context":Item count: 1
Contributing types: Sessions}
{"logTime": "1130/134734", "correlationVector":"Ui2GwUZh6KRU8Qe02O5CEv.1","action":"SyncServerConnectionManagerRequest", "result":"SYNC_SERVER_OK", "context":{"environment":"Prod_SoutheastAsia_000j", "migrationStage":"NotStarted", "server":"GENERAL0100001H"}}
{"logTime": "1130/134734", "correlationVector":"Ui2GwUZh6KRU8Qe02O5CEv.2","action":"Commit Response", "result":"Success", "context":Result: Success. cV=Ui2GwUZh6KRU8Qe02O5CEv.0;server=GENERAL0100001H;cloudType=Consumer;environment=Prod_SoutheastAsia_000j;migrationStage=NotStarted}
{"logTime": "1130/134836", "correlationVector":"m5Imc72lb0IJBiakfs+Kep.1","action":"SyncServerConnectionManagerRequest", "result":"SYNC_SERVER_OK", "context":{"environment":"Prod_SoutheastAsia_000j", "migrationStage":"NotStarted", "server":"GENERAL03000027"}}
{"logTime": "1130/134836", "correlationVector":"tK86/dK5IHbpg8z/0yXm1u","action":"SyncServerConnectionManagerRequest", "result":"SYNC_SERVER_OK", "context":{"environment":"", "migrationStage":"", "server":""}}
{"logTime": "1130/134836", "correlationVector":"m5Imc72lb0IJBiakfs+Kep","action":"Initial GetUpdates", "result":"", "context":Reason: NEW_CLIENT. cV=m5Imc72lb0IJBiakfs+Kep}
{"logTime": "1130/134836", "correlationVector":"m5Imc72lb0IJBiakfs+Kep.2","action":"GetUpdates Response", "result":"Success", "context":Received 1 update(s). cV=m5Imc72lb0IJBiakfs+Kep.0;server=GENERAL03000027;cloudType=Consumer;environment=Prod_SoutheastAsia_000j;migrationStage=NotStarted}
{"logTime": "1130/134836", "correlationVector":"1Np/7N4oAMPHqGwSRxK85h","action":"Initial GetUpdates", "result":"", "context":Reason: NEWLY_SUPPORTED_DATATYPE. cV=1Np/7N4oAMPHqGwSRxK85h}
{"logTime": "1130/134837", "correlationVector":"1Np/7N4oAMPHqGwSRxK85h.1","action":"SyncServerConnectionManagerRequest", "result":"SYNC_SERVER_OK", "context":{"environment":"Prod_SoutheastAsia_000j", "migrationStage":"NotStarted", "server":"GENERAL0100000G"}}
{"logTime": "1130/134837", "correlationVector":"1Np/7N4oAMPHqGwSRxK85h.2","action":"GetUpdates", "result":"DeleteReceived", "context":{"id":"9efb8879-b2e8-4473-bdd6-5abce484e523", "isDeleted:":"true", "version":"1725953252409"}}
{"logTime": "1130/134837", "correlationVector":"1Np/7N4oAMPHqGwSRxK85h.3","action":"GetUpdates", "result":"DeleteReceived", "context":{"id":"f0338a11-fe4d-4f0b-b1f1-34c2429ba66e", "isDeleted:":"true", "version":"1731398131447"}}
{"logTime": "1130/134837", "correlationVector":"1Np/7N4oAMPHqGwSRxK85h.4","action":"GetUpdates", "result":"DeleteReceived", "context":{"id":"9b1f79bc-3170-452f-a304-83eb10c086c5", "isDeleted:":"true", "version":"1732590285045"}}
{"logTime": "1130/134837", "correlationVector":"1Np/7N4oAMPHqGwSRxK85h.5","action":"GetUpdates Response", "result":"Success", "context":Received 124 update(s). cV=1Np/7N4oAMPHqGwSRxK85h.0;server=GENERAL0100000G;cloudType=Consumer;environment=Prod_SoutheastAsia_000j;migrationStage=NotStarted}
{"logTime": "1130/134837", "correlationVector":"0idAuO3TSSpRIW0hajcyRg","action":"Normal GetUpdate request", "result":"", "context":cV=0idAuO3TSSpRIW0hajcyRg
Nudged types: Sessions, Device Info
Refresh requested types: Bookmarks, Preferences, Passwords, Autofill Profiles, Autofill, Typed URLs, Extensions, Sessions, Extension settings, History Delete Directives, Device Info, User Consents, Send Tab To Self, Web Apps, Collection, Edge E Drop, Edge Hub App Usage, Edge Tab Group, Edge Wallet, Encryption Keys}
{"logTime": "1130/134837", "correlationVector":"0idAuO3TSSpRIW0hajcyRg.1","action":"SyncServerConnectionManagerRequest", "result":"SYNC_SERVER_OK", "context":{"environment":"Prod_SoutheastAsia_000j", "migrationStage":"NotStarted", "server":"GENERAL01000011"}}
{"logTime": "1130/134837", "correlationVector":"0idAuO3TSSpRIW0hajcyRg.2","action":"GetUpdates Response", "result":"Success", "context":Received 2 update(s). cV=0idAuO3TSSpRIW0hajcyRg.0;server=GENERAL01000011;cloudType=Consumer;environment=Prod_SoutheastAsia_000j;migrationStage=NotStarted}
{"logTime": "1130/134837", "correlationVector":"qDP7mRJk+90qZo843tpT2N","action":"Commit Request", "result":"", "context":Item count: 4
Contributing types: Sessions, Device Info}
{"logTime": "1130/134838", "correlationVector":"qDP7mRJk+90qZo843tpT2N.1","action":"SyncServerConnectionManagerRequest", "result":"SYNC_SERVER_OK", "context":{"environment":"Prod_SoutheastAsia_000j", "migrationStage":"NotStarted", "server":"GENERAL0300002O"}}
{"logTime": "1130/134838", "correlationVector":"qDP7mRJk+90qZo843tpT2N.2","action":"Commit Response", "result":"Success", "context":Result: Success. cV=qDP7mRJk+90qZo843tpT2N.0;server=GENERAL0300002O;cloudType=Consumer;environment=Prod_SoutheastAsia_000j;migrationStage=NotStarted}
{"logTime": "1130/134846", "correlationVector":"pH7WZcZeR65DHsarSOMXqy","action":"Commit Request", "result":"", "context":Item count: 3
Contributing types: Preferences, Sessions}
{"logTime": "1130/134846", "correlationVector":"pH7WZcZeR65DHsarSOMXqy.1","action":"SyncServerConnectionManagerRequest", "result":"SYNC_SERVER_OK", "context":{"environment":"Prod_SoutheastAsia_000j", "migrationStage":"NotStarted", "server":"GENERAL0300001R"}}
{"logTime": "1130/134846", "correlationVector":"pH7WZcZeR65DHsarSOMXqy.3","action":"Commit.Sessions", "result":"Success", "context":{"id":"372f11a2-8f0d-4648-99fa-6864cb9a9541", "isDeleted":"true", "size":"0", "version":"1732974519097"}}
{"logTime": "1130/134846", "correlationVector":"pH7WZcZeR65DHsarSOMXqy.2","action":"Commit Response", "result":"Success", "context":Result: Success. cV=pH7WZcZeR65DHsarSOMXqy.0;server=GENERAL0300001R;cloudType=Consumer;environment=Prod_SoutheastAsia_000j;migrationStage=NotStarted}
{"logTime": "1130/135017", "correlationVector":"4dyDNnT8Uy9DE1PCzRDG06","action":"Commit Request", "result":"", "context":Item count: 1
Contributing types: Sessions}
{"logTime": "1130/135017", "correlationVector":"4dyDNnT8Uy9DE1PCzRDG06.1","action":"SyncServerConnectionManagerRequest", "result":"SYNC_SERVER_OK", "context":{"environment":"Prod_SoutheastAsia_000j", "migrationStage":"NotStarted", "server":"GENERAL0300000I"}}
{"logTime": "1130/135017", "correlationVector":"4dyDNnT8Uy9DE1PCzRDG06.2","action":"Commit Response", "result":"Success", "context":Result: Success. cV=4dyDNnT8Uy9DE1PCzRDG06.0;server=GENERAL0300000I;cloudType=Consumer;environment=Prod_SoutheastAsia_000j;migrationStage=NotStarted}
{"logTime": "1130/135101", "correlationVector":"w2Q5qBh7nyZpzzZxDWADvn","action":"Commit Request", "result":"", "context":Item count: 1
Contributing types: Sessions}
{"logTime": "1130/135101", "correlationVector":"w2Q5qBh7nyZpzzZxDWADvn.1","action":"SyncServerConnectionManagerRequest", "result":"SYNC_SERVER_OK", "context":{"environment":"Prod_SoutheastAsia_000j", "migrationStage":"NotStarted", "server":"GENERAL0300002J"}}
{"logTime": "1130/135101", "correlationVector":"w2Q5qBh7nyZpzzZxDWADvn.2","action":"Commit Response", "result":"Success", "context":Result: Success. cV=w2Q5qBh7nyZpzzZxDWADvn.0;server=GENERAL0300002J;cloudType=Consumer;environment=Prod_SoutheastAsia_000j;migrationStage=NotStarted}
{"logTime": "1130/135146", "correlationVector":"cyopHhRKhFe9rgboFKtGeH","action":"Commit Request", "result":"", "context":Item count: 1
Contributing types: Sessions}
{"logTime": "1130/135146", "correlationVector":"cyopHhRKhFe9rgboFKtGeH.1","action":"SyncServerConnectionManagerRequest", "result":"SYNC_SERVER_OK", "context":{"environment":"Prod_SoutheastAsia_000j", "migrationStage":"NotStarted", "server":"GENERAL0100000P"}}
{"logTime": "1130/135146", "correlationVector":"cyopHhRKhFe9rgboFKtGeH.2","action":"Commit Response", "result":"Success", "context":Result: Success. cV=cyopHhRKhFe9rgboFKtGeH.0;server=GENERAL0100000P;cloudType=Consumer;environment=Prod_SoutheastAsia_000j;migrationStage=NotStarted}
